{"/Users/chidinmaezekwe/Desktop/github_users_search_api/src/app.js":{"path":"/Users/chidinmaezekwe/Desktop/github_users_search_api/src/app.js","statementMap":{"0":{"start":{"line":3,"column":0},"end":{"line":5,"column":3}},"1":{"start":{"line":6,"column":0},"end":{"line":6,"column":28}},"2":{"start":{"line":8,"column":15},"end":{"line":8,"column":57}},"3":{"start":{"line":10,"column":18},"end":{"line":10,"column":64}},"4":{"start":{"line":12,"column":12},"end":{"line":12,"column":51}},"5":{"start":{"line":14,"column":14},"end":{"line":14,"column":55}},"6":{"start":{"line":16,"column":14},"end":{"line":16,"column":55}},"7":{"start":{"line":18,"column":14},"end":{"line":18,"column":57}},"8":{"start":{"line":20,"column":39},"end":{"line":20,"column":95}},"9":{"start":{"line":22,"column":0},"end":{"line":22,"column":28}},"10":{"start":{"line":24,"column":10},"end":{"line":24,"column":36}},"11":{"start":{"line":25,"column":0},"end":{"line":27,"column":3}},"12":{"start":{"line":26,"column":2},"end":{"line":26,"column":24}},"13":{"start":{"line":28,"column":0},"end":{"line":28,"column":26}},"14":{"start":{"line":30,"column":0},"end":{"line":30,"column":33}},"15":{"start":{"line":32,"column":0},"end":{"line":34,"column":3}},"16":{"start":{"line":33,"column":2},"end":{"line":33,"column":16}},"17":{"start":{"line":36,"column":19},"end":{"line":36,"column":75}},"18":{"start":{"line":37,"column":0},"end":{"line":42,"column":4}},"19":{"start":{"line":39,"column":4},"end":{"line":39,"column":32}},"20":{"start":{"line":43,"column":0},"end":{"line":48,"column":4}},"21":{"start":{"line":45,"column":4},"end":{"line":45,"column":33}},"22":{"start":{"line":50,"column":0},"end":{"line":50,"column":39}},"23":{"start":{"line":51,"column":0},"end":{"line":53,"column":4}},"24":{"start":{"line":55,"column":0},"end":{"line":55,"column":40}},"25":{"start":{"line":57,"column":0},"end":{"line":61,"column":3}},"26":{"start":{"line":58,"column":2},"end":{"line":60,"column":5}},"27":{"start":{"line":62,"column":15},"end":{"line":62,"column":50}},"28":{"start":{"line":63,"column":11},"end":{"line":63,"column":35}},"29":{"start":{"line":64,"column":0},"end":{"line":67,"column":3}},"30":{"start":{"line":66,"column":2},"end":{"line":66,"column":73}},"31":{"start":{"line":68,"column":15},"end":{"line":68,"column":18}},"32":{"start":{"line":69,"column":0},"end":{"line":69,"column":30}}},"fnMap":{"0":{"name":"_interopRequireDefault","decl":{"start":{"line":20,"column":9},"end":{"line":20,"column":31}},"loc":{"start":{"line":20,"column":37},"end":{"line":20,"column":97}},"line":20},"1":{"name":"(anonymous_1)","decl":{"start":{"line":25,"column":19},"end":{"line":25,"column":20}},"loc":{"start":{"line":25,"column":39},"end":{"line":27,"column":1}},"line":25},"2":{"name":"(anonymous_2)","decl":{"start":{"line":32,"column":31},"end":{"line":32,"column":32}},"loc":{"start":{"line":32,"column":46},"end":{"line":34,"column":1}},"line":32},"3":{"name":"skip","decl":{"start":{"line":38,"column":17},"end":{"line":38,"column":21}},"loc":{"start":{"line":38,"column":32},"end":{"line":40,"column":3}},"line":38},"4":{"name":"skip","decl":{"start":{"line":44,"column":17},"end":{"line":44,"column":21}},"loc":{"start":{"line":44,"column":32},"end":{"line":46,"column":3}},"line":44},"5":{"name":"(anonymous_5)","decl":{"start":{"line":57,"column":13},"end":{"line":57,"column":14}},"loc":{"start":{"line":57,"column":33},"end":{"line":61,"column":1}},"line":57},"6":{"name":"(anonymous_6)","decl":{"start":{"line":64,"column":17},"end":{"line":64,"column":18}},"loc":{"start":{"line":64,"column":29},"end":{"line":67,"column":1}},"line":64}},"branchMap":{"0":{"loc":{"start":{"line":20,"column":46},"end":{"line":20,"column":94}},"type":"cond-expr","locations":[{"start":{"line":20,"column":70},"end":{"line":20,"column":73}},{"start":{"line":20,"column":76},"end":{"line":20,"column":94}}],"line":20},"1":{"loc":{"start":{"line":20,"column":46},"end":{"line":20,"column":67}},"type":"binary-expr","locations":[{"start":{"line":20,"column":46},"end":{"line":20,"column":49}},{"start":{"line":20,"column":53},"end":{"line":20,"column":67}}],"line":20},"2":{"loc":{"start":{"line":62,"column":15},"end":{"line":62,"column":50}},"type":"binary-expr","locations":[{"start":{"line":62,"column":15},"end":{"line":62,"column":35}},{"start":{"line":62,"column":39},"end":{"line":62,"column":50}}],"line":62},"3":{"loc":{"start":{"line":63,"column":11},"end":{"line":63,"column":35}},"type":"binary-expr","locations":[{"start":{"line":63,"column":11},"end":{"line":63,"column":27}},{"start":{"line":63,"column":31},"end":{"line":63,"column":35}}],"line":63}},"s":{"0":1,"1":1,"2":1,"3":1,"4":1,"5":1,"6":1,"7":1,"8":6,"9":1,"10":1,"11":1,"12":0,"13":1,"14":1,"15":1,"16":1,"17":1,"18":1,"19":1,"20":1,"21":1,"22":1,"23":1,"24":1,"25":1,"26":1,"27":1,"28":1,"29":1,"30":1,"31":1,"32":1},"f":{"0":6,"1":0,"2":1,"3":1,"4":1,"5":1,"6":1},"b":{"0":[1,5],"1":[6,6],"2":[1,1],"3":[1,1]},"inputSourceMap":{"version":3,"sources":["app.js"],"names":["dotenv","config","app","get","req","res","status","end","enable","use","morgan","token","id","loggerFormat","skip","statusCode","stream","process","stderr","stdout","bodyParser","json","urlencoded","extended","routes","message","hostname","env","port","listen","console","log"],"mappings":";;;;;;;AAAA;;AACA;;AACA;;AACA;;AACA;;AACA;;;;AAEAA,mBAAOC,MAAP;;AAEA,IAAMC,GAAG,GAAG,0BAAZ;AAEAA,GAAG,CAACC,GAAJ,CAAQ,SAAR,EAAmB,UAACC,GAAD,EAAMC,GAAN,EAAc;AAAEA,EAAAA,GAAG,CAACC,MAAJ,CAAW,GAAX,EAAgBC,GAAhB;AAAwB,CAA3D;AACAL,GAAG,CAACM,MAAJ,CAAW,aAAX,E,CACA;;AACAN,GAAG,CAACO,GAAJ,CAAQ,uBAAR,E,CAEA;;AACAC,mBAAOC,KAAP,CAAa,IAAb,EAAmB,UAAAP,GAAG;AAAA,SAAIA,GAAG,CAACQ,EAAR;AAAA,CAAtB;;AACA,IAAMC,YAAY,GAAG,wDAArB;AAEAX,GAAG,CAACO,GAAJ,CAAQ,wBAAOI,YAAP,EAAqB;AAC3BC,EAAAA,IAAI,EAAE,cAACV,GAAD,EAAMC,GAAN;AAAA,WAAcA,GAAG,CAACU,UAAJ,GAAiB,GAA/B;AAAA,GADqB;AACeC,EAAAA,MAAM,EAAEC,OAAO,CAACC;AAD/B,CAArB,CAAR;AAIAhB,GAAG,CAACO,GAAJ,CAAQ,wBAAOI,YAAP,EAAqB;AAC3BC,EAAAA,IAAI,EAAE,cAACV,GAAD,EAAMC,GAAN;AAAA,WAAcA,GAAG,CAACU,UAAJ,IAAkB,GAAhC;AAAA,GADqB;AACgBC,EAAAA,MAAM,EAAEC,OAAO,CAACE;AADhC,CAArB,CAAR,E,CAIA;;AACAjB,GAAG,CAACO,GAAJ,CAAQW,uBAAWC,IAAX,EAAR;AACAnB,GAAG,CAACO,GAAJ,CAAQW,uBAAWE,UAAX,CAAsB;AAAEC,EAAAA,QAAQ,EAAE;AAAZ,CAAtB,CAAR,E,CAEA;;AACArB,GAAG,CAACO,GAAJ,CAAQ,UAAR,EAAoBe,kBAApB,E,CAEA;;AACAtB,GAAG,CAACO,GAAJ,CAAQ,GAAR,EAAa,UAACL,GAAD,EAAMC,GAAN;AAAA,SAAcA,GAAG,CAACC,MAAJ,CAAW,GAAX,EAAgBe,IAAhB,CAAqB;AAC9CI,IAAAA,OAAO,EAAE;AADqC,GAArB,CAAd;AAAA,CAAb;AAIA,IAAMC,QAAQ,GAAGT,OAAO,CAACU,GAAR,CAAYD,QAAZ,IAAwB,WAAzC;AACA,IAAME,IAAI,GAAGX,OAAO,CAACU,GAAR,CAAYC,IAAZ,IAAoB,IAAjC;AAEA1B,GAAG,CAAC2B,MAAJ,CAAWD,IAAX,EAAiB,YAAM;AACrB;AACAE,EAAAA,OAAO,CAACC,GAAR,+BAAmCL,QAAnC,cAA+CE,IAA/C;AACD,CAHD;eAKe1B,G","sourceRoot":"/Users/chidinmaezekwe/Desktop/github_users_search_api/src","sourcesContent":["import express from 'express';\nimport bodyParser from 'body-parser';\nimport cors from 'cors';\nimport morgan from 'morgan';\nimport dotenv from 'dotenv';\nimport routes from './routes';\n\ndotenv.config();\n\nconst app = express();\n\napp.get('/status', (req, res) => { res.status(200).end(); });\napp.enable('trust proxy');\n// Enable Cross Origin Resource Sharing to all origins\napp.use(cors());\n\n// Log requests to the console.\nmorgan.token('id', req => req.id);\nconst loggerFormat = ':id [:date[web]] \":method :url\" :status :response-time';\n\napp.use(morgan(loggerFormat, {\n  skip: (req, res) => res.statusCode < 400, stream: process.stderr,\n}));\n\napp.use(morgan(loggerFormat, {\n  skip: (req, res) => res.statusCode >= 400, stream: process.stdout,\n}));\n\n// Parse incoming requests data\napp.use(bodyParser.json());\napp.use(bodyParser.urlencoded({ extended: false }));\n\n// Define Route\napp.use('/api/v1/', routes);\n\n// error handlers\napp.use('*', (req, res) => res.status(404).json({\n  message: 'Well, will you help build this route? 🤷🏼‍♂️',\n}));\n\nconst hostname = process.env.hostname || '127.0.0.1';\nconst port = process.env.port || 9000;\n\napp.listen(port, () => {\n  // eslint-disable-next-line no-console\n  console.log(`API is listening on ${hostname}:${port}`);\n});\n\nexport default app;\n"]},"_coverageSchema":"1a1c01bbd47fc00a2c39e90264f33305004495a9","hash":"52f335b23c702eab95ffadb5b03106f721e5fb49","contentHash":"9ec10c5d194dcb4aafedd51568443ba4bb995453266e1b3d2ef606570f48318d"},"/Users/chidinmaezekwe/Desktop/github_users_search_api/src/routes/index.js":{"path":"/Users/chidinmaezekwe/Desktop/github_users_search_api/src/routes/index.js","statementMap":{"0":{"start":{"line":3,"column":0},"end":{"line":5,"column":3}},"1":{"start":{"line":6,"column":0},"end":{"line":6,"column":28}},"2":{"start":{"line":8,"column":15},"end":{"line":8,"column":33}},"3":{"start":{"line":10,"column":17},"end":{"line":10,"column":76}},"4":{"start":{"line":12,"column":23},"end":{"line":12,"column":88}},"5":{"start":{"line":14,"column":39},"end":{"line":14,"column":95}},"6":{"start":{"line":16,"column":13},"end":{"line":16,"column":35}},"7":{"start":{"line":17,"column":0},"end":{"line":17,"column":135}},"8":{"start":{"line":18,"column":15},"end":{"line":18,"column":21}},"9":{"start":{"line":19,"column":0},"end":{"line":19,"column":30}}},"fnMap":{"0":{"name":"_interopRequireDefault","decl":{"start":{"line":14,"column":9},"end":{"line":14,"column":31}},"loc":{"start":{"line":14,"column":37},"end":{"line":14,"column":97}},"line":14}},"branchMap":{"0":{"loc":{"start":{"line":14,"column":46},"end":{"line":14,"column":94}},"type":"cond-expr","locations":[{"start":{"line":14,"column":70},"end":{"line":14,"column":73}},{"start":{"line":14,"column":76},"end":{"line":14,"column":94}}],"line":14},"1":{"loc":{"start":{"line":14,"column":46},"end":{"line":14,"column":67}},"type":"binary-expr","locations":[{"start":{"line":14,"column":46},"end":{"line":14,"column":49}},{"start":{"line":14,"column":53},"end":{"line":14,"column":67}}],"line":14}},"s":{"0":1,"1":1,"2":1,"3":1,"4":1,"5":2,"6":1,"7":1,"8":1,"9":1},"f":{"0":2},"b":{"0":[2,0],"1":[2,2]},"inputSourceMap":{"version":3,"sources":["index.js"],"names":["router","get","Validator","paramsChecker","UsersController","fetchUsersByLanguage"],"mappings":";;;;;;;AAAA;;AACA;;AACA;;;;AAEA,IAAMA,MAAM,GAAG,sBAAf;AAEAA,MAAM,CAACC,GAAP,CAAW,mCAAX,EAAgDC,sBAAUC,aAA1D,EAAyEC,4BAAgBC,oBAAzF;eAEeL,M","sourceRoot":"/Users/chidinmaezekwe/Desktop/github_users_search_api/src/routes","sourcesContent":["import { Router } from 'express';\nimport Validator from '../middlewares/Validator';\nimport UsersController from '../controllers/UsersController';\n\nconst router = Router();\n\nrouter.get('/users/:usernameString/:languages', Validator.paramsChecker, UsersController.fetchUsersByLanguage);\n\nexport default router;\n"]},"_coverageSchema":"1a1c01bbd47fc00a2c39e90264f33305004495a9","hash":"8a6ad03475d4ac99de94e7f619cacec576b4070e","contentHash":"4f3eb283dacf4a28422abc78b8a74e0b6ddfd04efd5e7e2b8d7f29b5c21c3947"},"/Users/chidinmaezekwe/Desktop/github_users_search_api/src/middlewares/Validator.js":{"path":"/Users/chidinmaezekwe/Desktop/github_users_search_api/src/middlewares/Validator.js","statementMap":{"0":{"start":{"line":3,"column":0},"end":{"line":5,"column":3}},"1":{"start":{"line":6,"column":0},"end":{"line":6,"column":28}},"2":{"start":{"line":8,"column":50},"end":{"line":8,"column":151}},"3":{"start":{"line":8,"column":92},"end":{"line":8,"column":149}},"4":{"start":{"line":10,"column":44},"end":{"line":10,"column":315}},"5":{"start":{"line":10,"column":57},"end":{"line":10,"column":58}},"6":{"start":{"line":10,"column":102},"end":{"line":10,"column":110}},"7":{"start":{"line":10,"column":112},"end":{"line":10,"column":167}},"8":{"start":{"line":10,"column":168},"end":{"line":10,"column":199}},"9":{"start":{"line":10,"column":200},"end":{"line":10,"column":254}},"10":{"start":{"line":10,"column":227},"end":{"line":10,"column":254}},"11":{"start":{"line":10,"column":255},"end":{"line":10,"column":313}},"12":{"start":{"line":12,"column":62},"end":{"line":12,"column":131}},"13":{"start":{"line":12,"column":78},"end":{"line":12,"column":131}},"14":{"start":{"line":12,"column":132},"end":{"line":12,"column":193}},"15":{"start":{"line":12,"column":149},"end":{"line":12,"column":193}},"16":{"start":{"line":12,"column":194},"end":{"line":12,"column":213}},"17":{"start":{"line":17,"column":0},"end":{"line":61,"column":3}},"18":{"start":{"line":19,"column":4},"end":{"line":19,"column":37}},"19":{"start":{"line":22,"column":2},"end":{"line":58,"column":6}},"20":{"start":{"line":35,"column":24},"end":{"line":35,"column":34}},"21":{"start":{"line":36,"column":27},"end":{"line":36,"column":53}},"22":{"start":{"line":37,"column":22},"end":{"line":37,"column":43}},"23":{"start":{"line":39,"column":6},"end":{"line":41,"column":7}},"24":{"start":{"line":40,"column":8},"end":{"line":40,"column":88}},"25":{"start":{"line":43,"column":23},"end":{"line":53,"column":7}},"26":{"start":{"line":44,"column":21},"end":{"line":44,"column":42}},"27":{"start":{"line":45,"column":8},"end":{"line":51,"column":11}},"28":{"start":{"line":46,"column":10},"end":{"line":48,"column":11}},"29":{"start":{"line":47,"column":12},"end":{"line":47,"column":117}},"30":{"start":{"line":50,"column":10},"end":{"line":50,"column":22}},"31":{"start":{"line":52,"column":8},"end":{"line":52,"column":22}},"32":{"start":{"line":55,"column":6},"end":{"line":55,"column":33}},"33":{"start":{"line":56,"column":6},"end":{"line":56,"column":28}},"34":{"start":{"line":60,"column":2},"end":{"line":60,"column":19}},"35":{"start":{"line":63,"column":15},"end":{"line":63,"column":24}},"36":{"start":{"line":64,"column":0},"end":{"line":64,"column":30}}},"fnMap":{"0":{"name":"_classCallCheck","decl":{"start":{"line":8,"column":9},"end":{"line":8,"column":24}},"loc":{"start":{"line":8,"column":48},"end":{"line":8,"column":153}},"line":8},"1":{"name":"_defineProperties","decl":{"start":{"line":10,"column":9},"end":{"line":10,"column":26}},"loc":{"start":{"line":10,"column":42},"end":{"line":10,"column":317}},"line":10},"2":{"name":"_createClass","decl":{"start":{"line":12,"column":9},"end":{"line":12,"column":21}},"loc":{"start":{"line":12,"column":60},"end":{"line":12,"column":215}},"line":12},"3":{"name":"(anonymous_3)","decl":{"start":{"line":17,"column":0},"end":{"line":17,"column":1}},"loc":{"start":{"line":17,"column":12},"end":{"line":61,"column":1}},"line":17},"4":{"name":"Validator","decl":{"start":{"line":18,"column":11},"end":{"line":18,"column":20}},"loc":{"start":{"line":18,"column":23},"end":{"line":20,"column":3}},"line":18},"5":{"name":"paramsChecker","decl":{"start":{"line":34,"column":20},"end":{"line":34,"column":33}},"loc":{"start":{"line":34,"column":50},"end":{"line":57,"column":5}},"line":34},"6":{"name":"checkParam","decl":{"start":{"line":43,"column":32},"end":{"line":43,"column":42}},"loc":{"start":{"line":43,"column":55},"end":{"line":53,"column":7}},"line":43},"7":{"name":"(anonymous_7)","decl":{"start":{"line":45,"column":23},"end":{"line":45,"column":24}},"loc":{"start":{"line":45,"column":40},"end":{"line":51,"column":9}},"line":45}},"branchMap":{"0":{"loc":{"start":{"line":8,"column":50},"end":{"line":8,"column":151}},"type":"if","locations":[{"start":{"line":8,"column":50},"end":{"line":8,"column":151}},{"start":{"line":8,"column":50},"end":{"line":8,"column":151}}],"line":8},"1":{"loc":{"start":{"line":10,"column":136},"end":{"line":10,"column":166}},"type":"binary-expr","locations":[{"start":{"line":10,"column":136},"end":{"line":10,"column":157}},{"start":{"line":10,"column":161},"end":{"line":10,"column":166}}],"line":10},"2":{"loc":{"start":{"line":10,"column":200},"end":{"line":10,"column":254}},"type":"if","locations":[{"start":{"line":10,"column":200},"end":{"line":10,"column":254}},{"start":{"line":10,"column":200},"end":{"line":10,"column":254}}],"line":10},"3":{"loc":{"start":{"line":12,"column":62},"end":{"line":12,"column":131}},"type":"if","locations":[{"start":{"line":12,"column":62},"end":{"line":12,"column":131}},{"start":{"line":12,"column":62},"end":{"line":12,"column":131}}],"line":12},"4":{"loc":{"start":{"line":12,"column":132},"end":{"line":12,"column":193}},"type":"if","locations":[{"start":{"line":12,"column":132},"end":{"line":12,"column":193}},{"start":{"line":12,"column":132},"end":{"line":12,"column":193}}],"line":12},"5":{"loc":{"start":{"line":39,"column":6},"end":{"line":41,"column":7}},"type":"if","locations":[{"start":{"line":39,"column":6},"end":{"line":41,"column":7}},{"start":{"line":39,"column":6},"end":{"line":41,"column":7}}],"line":39},"6":{"loc":{"start":{"line":39,"column":10},"end":{"line":39,"column":77}},"type":"binary-expr","locations":[{"start":{"line":39,"column":10},"end":{"line":39,"column":44}},{"start":{"line":39,"column":48},"end":{"line":39,"column":77}}],"line":39},"7":{"loc":{"start":{"line":46,"column":10},"end":{"line":48,"column":11}},"type":"if","locations":[{"start":{"line":46,"column":10},"end":{"line":48,"column":11}},{"start":{"line":46,"column":10},"end":{"line":48,"column":11}}],"line":46}},"s":{"0":1,"1":1,"2":0,"3":0,"4":1,"5":1,"6":1,"7":1,"8":1,"9":1,"10":1,"11":1,"12":1,"13":0,"14":1,"15":1,"16":1,"17":1,"18":0,"19":1,"20":0,"21":0,"22":0,"23":0,"24":0,"25":0,"26":0,"27":0,"28":0,"29":0,"30":0,"31":0,"32":0,"33":0,"34":1,"35":1,"36":1},"f":{"0":0,"1":1,"2":1,"3":1,"4":0,"5":0,"6":0,"7":0},"b":{"0":[0,0],"1":[1,1],"2":[1,0],"3":[0,1],"4":[1,0],"5":[0,0],"6":[0,0],"7":[0,0]},"inputSourceMap":{"version":3,"sources":["Validator.js"],"names":["Validator","req","res","next","params","usernameString","languages","status","json","checkParam","parameters","split","forEach","param","trim"],"mappings":";;;;;;;;;;;;;AAAA;IACMA,S;;;;;;;;;;AACJ;;;;;;;;AAQA;kCACqBC,G,EAAKC,G,EAAKC,I,EAAM;AAAA,wBAK/BF,GAAG,CAACG,MAL2B;AAAA,UAEjCC,cAFiC,eAEjCA,cAFiC;AAAA,UAGjCC,SAHiC,eAGjCA,SAHiC;;AAMnC,UAAI,OAAOD,cAAP,KAA0B,QAA1B,IAAsC,OAAOC,SAAP,KAAqB,QAA/D,EAAyE;AACvE,eAAOJ,GAAG,CAACK,MAAJ,CAAW,GAAX,EAAgBC,IAAhB,CAAqB,kDAArB,CAAP;AACD;;AACD,UAAMC,UAAU,GAAG,SAAbA,UAAa,CAACC,UAAD,EAAgB;AACjC,YAAMN,MAAM,GAAGM,UAAU,CAACC,KAAX,CAAiB,GAAjB,CAAf;AACAP,QAAAA,MAAM,CAACQ,OAAP,CAAe,UAACC,KAAD,EAAW;AACxB,cAAI,OAAOA,KAAK,CAACC,IAAN,EAAP,KAAwB,QAA5B,EAAsC;AACpC,mBAAOZ,GAAG,CAACK,MAAJ,CAAW,GAAX,EAAgBC,IAAhB,CAAqB,2EAArB,CAAP;AACD;;AACD,iBAAO,IAAP;AACD,SALD;AAMA,eAAOL,IAAI,EAAX;AACD,OATD;;AAUAM,MAAAA,UAAU,CAACJ,cAAD,CAAV;AACAI,MAAAA,UAAU,CAACH,SAAD,CAAV;AACD;;;;;;eAGYN,S","sourceRoot":"/Users/chidinmaezekwe/Desktop/github_users_search_api/src/middlewares","sourcesContent":["/** Validates inputs class */\nclass Validator {\n  /**\n     * @static\n     * @param {object} req\n     * @param {object} res\n     * @param {function} next\n     * @memberof Validator\n     * @returns {function} next\n     */\n  // eslint-disable-next-line consistent-return\n  static paramsChecker(req, res, next) {\n    const {\n      usernameString,\n      languages,\n\n    } = req.params;\n    if (typeof usernameString !== 'string' && typeof languages !== 'string') {\n      return res.status(400).json('invalid parameter, please provide a valid string');\n    }\n    const checkParam = (parameters) => {\n      const params = parameters.split(',');\n      params.forEach((param) => {\n        if (typeof param.trim() !== 'string') {\n          return res.status(400).json('invalid parameter, Please make sure all provided params are valid strings');\n        }\n        return true;\n      });\n      return next();\n    };\n    checkParam(usernameString);\n    checkParam(languages);\n  }\n}\n\nexport default Validator;\n"]},"_coverageSchema":"1a1c01bbd47fc00a2c39e90264f33305004495a9","hash":"f35423a99472d985ab1aec5e0557935acffba6d9","contentHash":"e9d15ac03ecd3be2a8cd11e257e0bf18c0355bbb957fd484afdbb462e08cdcc4"},"/Users/chidinmaezekwe/Desktop/github_users_search_api/src/controllers/UsersController.js":{"path":"/Users/chidinmaezekwe/Desktop/github_users_search_api/src/controllers/UsersController.js","statementMap":{"0":{"start":{"line":3,"column":0},"end":{"line":5,"column":3}},"1":{"start":{"line":6,"column":0},"end":{"line":6,"column":28}},"2":{"start":{"line":8,"column":77},"end":{"line":8,"column":175}},"3":{"start":{"line":8,"column":94},"end":{"line":8,"column":107}},"4":{"start":{"line":8,"column":121},"end":{"line":8,"column":131}},"5":{"start":{"line":8,"column":151},"end":{"line":8,"column":165}},"6":{"start":{"line":8,"column":166},"end":{"line":8,"column":173}},"7":{"start":{"line":8,"column":176},"end":{"line":8,"column":263}},"8":{"start":{"line":8,"column":193},"end":{"line":8,"column":208}},"9":{"start":{"line":8,"column":218},"end":{"line":8,"column":261}},"10":{"start":{"line":10,"column":33},"end":{"line":10,"column":387}},"11":{"start":{"line":10,"column":65},"end":{"line":10,"column":69}},"12":{"start":{"line":10,"column":78},"end":{"line":10,"column":87}},"13":{"start":{"line":10,"column":89},"end":{"line":10,"column":384}},"14":{"start":{"line":10,"column":147},"end":{"line":10,"column":167}},"15":{"start":{"line":10,"column":193},"end":{"line":10,"column":264}},"16":{"start":{"line":10,"column":290},"end":{"line":10,"column":360}},"17":{"start":{"line":10,"column":363},"end":{"line":10,"column":380}},"18":{"start":{"line":12,"column":50},"end":{"line":12,"column":151}},"19":{"start":{"line":12,"column":92},"end":{"line":12,"column":149}},"20":{"start":{"line":14,"column":44},"end":{"line":14,"column":315}},"21":{"start":{"line":14,"column":57},"end":{"line":14,"column":58}},"22":{"start":{"line":14,"column":102},"end":{"line":14,"column":110}},"23":{"start":{"line":14,"column":112},"end":{"line":14,"column":167}},"24":{"start":{"line":14,"column":168},"end":{"line":14,"column":199}},"25":{"start":{"line":14,"column":200},"end":{"line":14,"column":254}},"26":{"start":{"line":14,"column":227},"end":{"line":14,"column":254}},"27":{"start":{"line":14,"column":255},"end":{"line":14,"column":313}},"28":{"start":{"line":16,"column":62},"end":{"line":16,"column":131}},"29":{"start":{"line":16,"column":78},"end":{"line":16,"column":131}},"30":{"start":{"line":16,"column":132},"end":{"line":16,"column":193}},"31":{"start":{"line":16,"column":149},"end":{"line":16,"column":193}},"32":{"start":{"line":16,"column":194},"end":{"line":16,"column":213}},"33":{"start":{"line":21,"column":0},"end":{"line":80,"column":3}},"34":{"start":{"line":23,"column":4},"end":{"line":23,"column":43}},"35":{"start":{"line":26,"column":2},"end":{"line":77,"column":6}},"36":{"start":{"line":37,"column":34},"end":{"line":69,"column":9}},"37":{"start":{"line":42,"column":8},"end":{"line":68,"column":36}},"38":{"start":{"line":43,"column":10},"end":{"line":67,"column":11}},"39":{"start":{"line":44,"column":12},"end":{"line":66,"column":13}},"40":{"start":{"line":46,"column":16},"end":{"line":46,"column":34}},"41":{"start":{"line":47,"column":16},"end":{"line":47,"column":121}},"42":{"start":{"line":48,"column":16},"end":{"line":53,"column":20}},"43":{"start":{"line":56,"column":16},"end":{"line":56,"column":34}},"44":{"start":{"line":57,"column":16},"end":{"line":57,"column":51}},"45":{"start":{"line":58,"column":16},"end":{"line":61,"column":20}},"46":{"start":{"line":65,"column":16},"end":{"line":65,"column":39}},"47":{"start":{"line":72,"column":8},"end":{"line":72,"column":60}},"48":{"start":{"line":75,"column":6},"end":{"line":75,"column":34}},"49":{"start":{"line":79,"column":2},"end":{"line":79,"column":25}},"50":{"start":{"line":82,"column":15},"end":{"line":82,"column":30}},"51":{"start":{"line":83,"column":0},"end":{"line":83,"column":30}}},"fnMap":{"0":{"name":"asyncGeneratorStep","decl":{"start":{"line":8,"column":9},"end":{"line":8,"column":27}},"loc":{"start":{"line":8,"column":75},"end":{"line":8,"column":265}},"line":8},"1":{"name":"_asyncToGenerator","decl":{"start":{"line":10,"column":9},"end":{"line":10,"column":26}},"loc":{"start":{"line":10,"column":31},"end":{"line":10,"column":389}},"line":10},"2":{"name":"(anonymous_2)","decl":{"start":{"line":10,"column":40},"end":{"line":10,"column":41}},"loc":{"start":{"line":10,"column":52},"end":{"line":10,"column":386}},"line":10},"3":{"name":"(anonymous_3)","decl":{"start":{"line":10,"column":108},"end":{"line":10,"column":109}},"loc":{"start":{"line":10,"column":135},"end":{"line":10,"column":382}},"line":10},"4":{"name":"_next","decl":{"start":{"line":10,"column":178},"end":{"line":10,"column":183}},"loc":{"start":{"line":10,"column":191},"end":{"line":10,"column":266}},"line":10},"5":{"name":"_throw","decl":{"start":{"line":10,"column":276},"end":{"line":10,"column":282}},"loc":{"start":{"line":10,"column":288},"end":{"line":10,"column":362}},"line":10},"6":{"name":"_classCallCheck","decl":{"start":{"line":12,"column":9},"end":{"line":12,"column":24}},"loc":{"start":{"line":12,"column":48},"end":{"line":12,"column":153}},"line":12},"7":{"name":"_defineProperties","decl":{"start":{"line":14,"column":9},"end":{"line":14,"column":26}},"loc":{"start":{"line":14,"column":42},"end":{"line":14,"column":317}},"line":14},"8":{"name":"_createClass","decl":{"start":{"line":16,"column":9},"end":{"line":16,"column":21}},"loc":{"start":{"line":16,"column":60},"end":{"line":16,"column":215}},"line":16},"9":{"name":"(anonymous_9)","decl":{"start":{"line":21,"column":0},"end":{"line":21,"column":1}},"loc":{"start":{"line":21,"column":12},"end":{"line":80,"column":1}},"line":21},"10":{"name":"UsersController","decl":{"start":{"line":22,"column":11},"end":{"line":22,"column":26}},"loc":{"start":{"line":22,"column":29},"end":{"line":24,"column":3}},"line":22},"11":{"name":"(anonymous_11)","decl":{"start":{"line":36,"column":11},"end":{"line":36,"column":12}},"loc":{"start":{"line":36,"column":23},"end":{"line":76,"column":5}},"line":36},"12":{"name":"_callee","decl":{"start":{"line":39,"column":39},"end":{"line":39,"column":46}},"loc":{"start":{"line":39,"column":57},"end":{"line":69,"column":7}},"line":39},"13":{"name":"_callee$","decl":{"start":{"line":42,"column":48},"end":{"line":42,"column":56}},"loc":{"start":{"line":42,"column":67},"end":{"line":68,"column":9}},"line":42},"14":{"name":"fetchUsersByLanguage","decl":{"start":{"line":71,"column":15},"end":{"line":71,"column":35}},"loc":{"start":{"line":71,"column":45},"end":{"line":73,"column":7}},"line":71}},"branchMap":{"0":{"loc":{"start":{"line":8,"column":176},"end":{"line":8,"column":263}},"type":"if","locations":[{"start":{"line":8,"column":176},"end":{"line":8,"column":263}},{"start":{"line":8,"column":176},"end":{"line":8,"column":263}}],"line":8},"1":{"loc":{"start":{"line":12,"column":50},"end":{"line":12,"column":151}},"type":"if","locations":[{"start":{"line":12,"column":50},"end":{"line":12,"column":151}},{"start":{"line":12,"column":50},"end":{"line":12,"column":151}}],"line":12},"2":{"loc":{"start":{"line":14,"column":136},"end":{"line":14,"column":166}},"type":"binary-expr","locations":[{"start":{"line":14,"column":136},"end":{"line":14,"column":157}},{"start":{"line":14,"column":161},"end":{"line":14,"column":166}}],"line":14},"3":{"loc":{"start":{"line":14,"column":200},"end":{"line":14,"column":254}},"type":"if","locations":[{"start":{"line":14,"column":200},"end":{"line":14,"column":254}},{"start":{"line":14,"column":200},"end":{"line":14,"column":254}}],"line":14},"4":{"loc":{"start":{"line":16,"column":62},"end":{"line":16,"column":131}},"type":"if","locations":[{"start":{"line":16,"column":62},"end":{"line":16,"column":131}},{"start":{"line":16,"column":62},"end":{"line":16,"column":131}}],"line":16},"5":{"loc":{"start":{"line":16,"column":132},"end":{"line":16,"column":193}},"type":"if","locations":[{"start":{"line":16,"column":132},"end":{"line":16,"column":193}},{"start":{"line":16,"column":132},"end":{"line":16,"column":193}}],"line":16},"6":{"loc":{"start":{"line":44,"column":12},"end":{"line":66,"column":13}},"type":"switch","locations":[{"start":{"line":45,"column":14},"end":{"line":53,"column":20}},{"start":{"line":55,"column":14},"end":{"line":61,"column":20}},{"start":{"line":63,"column":14},"end":{"line":63,"column":21}},{"start":{"line":64,"column":14},"end":{"line":65,"column":39}}],"line":44}},"s":{"0":1,"1":1,"2":0,"3":0,"4":0,"5":0,"6":0,"7":0,"8":0,"9":0,"10":1,"11":0,"12":0,"13":0,"14":0,"15":0,"16":0,"17":0,"18":0,"19":0,"20":1,"21":1,"22":1,"23":1,"24":1,"25":1,"26":1,"27":1,"28":1,"29":0,"30":1,"31":1,"32":1,"33":1,"34":0,"35":1,"36":1,"37":0,"38":0,"39":0,"40":0,"41":0,"42":0,"43":0,"44":0,"45":0,"46":0,"47":0,"48":1,"49":1,"50":1,"51":1},"f":{"0":0,"1":1,"2":0,"3":0,"4":0,"5":0,"6":0,"7":1,"8":1,"9":1,"10":0,"11":1,"12":0,"13":0,"14":0},"b":{"0":[0,0],"1":[0,0],"2":[1,1],"3":[1,0],"4":[0,1],"5":[1,0],"6":[0,0,0,0]},"inputSourceMap":{"version":3,"sources":["UsersController.js"],"names":["UsersController","req","res","params","usernameString","languages","status","json","message","success"],"mappings":";;;;;;;;;;;;;;;;;AACA;IACMA,e;;;;;;;;;;AACJ;;;;;;;;;;+CAOkCC,G,EAAKC,G;;;;;;;;8BAEGD,GAAG,CAACE,M,EAAlCC,c,eAAAA,c,EAAgBC,S,eAAAA,S;iDAEjBH,GAAG,CAACI,MAAJ,CAAW,GAAX,EAAgBC,IAAhB,CAAqB;AAC1BC,kBAAAA,OAAO,EAAE,SADiB;AAE1BC,kBAAAA,OAAO,EAAE,IAFiB;AAG1BL,kBAAAA,cAAc,EAAdA,cAH0B;AAI1BC,kBAAAA,SAAS,EAATA;AAJ0B,iBAArB,C;;;;;iDAOAH,GAAG,CAACI,MAAJ,CAAW,GAAX,EAAgBC,IAAhB,CAAqB;AAC1BC,kBAAAA,OAAO,EAAE,uDADiB;AAE1BC,kBAAAA,OAAO,EAAE;AAFiB,iBAArB,C;;;;;;;;;;;;;;;;;;;;;eAQET,e","sourceRoot":"/Users/chidinmaezekwe/Desktop/github_users_search_api/src/controllers","sourcesContent":["\n/** Users Controller Class */\nclass UsersController {\n  /**\n   * @desc POST /api/v1/auth/verify\n   * @param {object} req\n   * @param {object} res\n   * @memberof UsersController\n   * @returns users\n   */\n  static async fetchUsersByLanguage(req, res) {\n    try {\n      const { usernameString, languages } = req.params;\n\n      return res.status(200).json({\n        message: 'Success',\n        success: true,\n        usernameString,\n        languages,\n      });\n    } catch (err) {\n      return res.status(500).json({\n        message: 'An unknown error occured,this could be a server error',\n        success: false,\n      });\n    }\n  }\n}\n\nexport default UsersController;\n"]},"_coverageSchema":"1a1c01bbd47fc00a2c39e90264f33305004495a9","hash":"85cf43213cfb7078dec91da0e04a657f41807670","contentHash":"22bd363a40d393d8fbfb2f007e32fff975e9c623648b59f239bf8894031bcda1"}}