{"/Users/chidinmaezekwe/Desktop/github_users_search_api/src/app.js":{"path":"/Users/chidinmaezekwe/Desktop/github_users_search_api/src/app.js","statementMap":{"0":{"start":{"line":3,"column":0},"end":{"line":5,"column":3}},"1":{"start":{"line":6,"column":0},"end":{"line":6,"column":28}},"2":{"start":{"line":8,"column":15},"end":{"line":8,"column":57}},"3":{"start":{"line":10,"column":18},"end":{"line":10,"column":64}},"4":{"start":{"line":12,"column":12},"end":{"line":12,"column":51}},"5":{"start":{"line":14,"column":14},"end":{"line":14,"column":55}},"6":{"start":{"line":16,"column":14},"end":{"line":16,"column":55}},"7":{"start":{"line":18,"column":14},"end":{"line":18,"column":57}},"8":{"start":{"line":20,"column":39},"end":{"line":20,"column":95}},"9":{"start":{"line":22,"column":0},"end":{"line":22,"column":28}},"10":{"start":{"line":24,"column":10},"end":{"line":24,"column":36}},"11":{"start":{"line":25,"column":0},"end":{"line":29,"column":3}},"12":{"start":{"line":26,"column":2},"end":{"line":28,"column":5}},"13":{"start":{"line":30,"column":0},"end":{"line":30,"column":26}},"14":{"start":{"line":32,"column":0},"end":{"line":32,"column":33}},"15":{"start":{"line":34,"column":19},"end":{"line":34,"column":73}},"16":{"start":{"line":35,"column":0},"end":{"line":35,"column":47}},"17":{"start":{"line":37,"column":0},"end":{"line":37,"column":39}},"18":{"start":{"line":38,"column":0},"end":{"line":40,"column":4}},"19":{"start":{"line":42,"column":0},"end":{"line":42,"column":40}},"20":{"start":{"line":44,"column":0},"end":{"line":48,"column":3}},"21":{"start":{"line":45,"column":2},"end":{"line":47,"column":5}},"22":{"start":{"line":49,"column":15},"end":{"line":49,"column":50}},"23":{"start":{"line":50,"column":11},"end":{"line":50,"column":35}},"24":{"start":{"line":51,"column":0},"end":{"line":54,"column":3}},"25":{"start":{"line":53,"column":2},"end":{"line":53,"column":73}},"26":{"start":{"line":55,"column":15},"end":{"line":55,"column":18}},"27":{"start":{"line":56,"column":0},"end":{"line":56,"column":30}}},"fnMap":{"0":{"name":"_interopRequireDefault","decl":{"start":{"line":20,"column":9},"end":{"line":20,"column":31}},"loc":{"start":{"line":20,"column":37},"end":{"line":20,"column":97}},"line":20},"1":{"name":"(anonymous_1)","decl":{"start":{"line":25,"column":19},"end":{"line":25,"column":20}},"loc":{"start":{"line":25,"column":39},"end":{"line":29,"column":1}},"line":25},"2":{"name":"(anonymous_2)","decl":{"start":{"line":44,"column":13},"end":{"line":44,"column":14}},"loc":{"start":{"line":44,"column":33},"end":{"line":48,"column":1}},"line":44},"3":{"name":"(anonymous_3)","decl":{"start":{"line":51,"column":17},"end":{"line":51,"column":18}},"loc":{"start":{"line":51,"column":29},"end":{"line":54,"column":1}},"line":51}},"branchMap":{"0":{"loc":{"start":{"line":20,"column":46},"end":{"line":20,"column":94}},"type":"cond-expr","locations":[{"start":{"line":20,"column":70},"end":{"line":20,"column":73}},{"start":{"line":20,"column":76},"end":{"line":20,"column":94}}],"line":20},"1":{"loc":{"start":{"line":20,"column":46},"end":{"line":20,"column":67}},"type":"binary-expr","locations":[{"start":{"line":20,"column":46},"end":{"line":20,"column":49}},{"start":{"line":20,"column":53},"end":{"line":20,"column":67}}],"line":20},"2":{"loc":{"start":{"line":49,"column":15},"end":{"line":49,"column":50}},"type":"binary-expr","locations":[{"start":{"line":49,"column":15},"end":{"line":49,"column":35}},{"start":{"line":49,"column":39},"end":{"line":49,"column":50}}],"line":49},"3":{"loc":{"start":{"line":50,"column":11},"end":{"line":50,"column":35}},"type":"binary-expr","locations":[{"start":{"line":50,"column":11},"end":{"line":50,"column":27}},{"start":{"line":50,"column":31},"end":{"line":50,"column":35}}],"line":50}},"s":{"0":1,"1":1,"2":1,"3":1,"4":1,"5":1,"6":1,"7":1,"8":6,"9":1,"10":1,"11":1,"12":1,"13":1,"14":1,"15":1,"16":1,"17":1,"18":1,"19":1,"20":1,"21":1,"22":1,"23":1,"24":1,"25":1,"26":1,"27":1},"f":{"0":6,"1":1,"2":1,"3":1},"b":{"0":[1,5],"1":[6,6],"2":[1,1],"3":[1,1]},"inputSourceMap":{"version":3,"sources":["app.js"],"names":["dotenv","config","app","get","req","res","status","json","message","enable","use","loggerFormat","bodyParser","urlencoded","extended","routes","hostname","process","env","port","listen","console","log"],"mappings":";;;;;;;AAAA;;AACA;;AACA;;AACA;;AACA;;AACA;;;;AAEAA,mBAAOC,MAAP;;AAEA,IAAMC,GAAG,GAAG,0BAAZ;AAEAA,GAAG,CAACC,GAAJ,CAAQ,SAAR,EAAmB,UAACC,GAAD,EAAMC,GAAN;AAAA,SAAcA,GAAG,CAACC,MAAJ,CAAW,GAAX,EAC9BC,IAD8B,CACzB;AAAEC,IAAAA,OAAO,EAAE;AAAX,GADyB,CAAd;AAAA,CAAnB;AAEAN,GAAG,CAACO,MAAJ,CAAW,aAAX,E,CACA;;AACAP,GAAG,CAACQ,GAAJ,CAAQ,uBAAR,E,CAEA;;AACA,IAAMC,YAAY,GAAG,sDAArB;AAEAT,GAAG,CAACQ,GAAJ,CAAQ,wBAAOC,YAAP,CAAR,E,CAEA;;AACAT,GAAG,CAACQ,GAAJ,CAAQE,uBAAWL,IAAX,EAAR;AACAL,GAAG,CAACQ,GAAJ,CAAQE,uBAAWC,UAAX,CAAsB;AAAEC,EAAAA,QAAQ,EAAE;AAAZ,CAAtB,CAAR,E,CAEA;;AACAZ,GAAG,CAACQ,GAAJ,CAAQ,UAAR,EAAoBK,kBAApB,E,CAEA;;AACAb,GAAG,CAACQ,GAAJ,CAAQ,GAAR,EAAa,UAACN,GAAD,EAAMC,GAAN;AAAA,SAAcA,GAAG,CAACC,MAAJ,CAAW,GAAX,EAAgBC,IAAhB,CAAqB;AAC9CC,IAAAA,OAAO,EAAE;AADqC,GAArB,CAAd;AAAA,CAAb;AAIA,IAAMQ,QAAQ,GAAGC,OAAO,CAACC,GAAR,CAAYF,QAAZ,IAAwB,WAAzC;AACA,IAAMG,IAAI,GAAGF,OAAO,CAACC,GAAR,CAAYC,IAAZ,IAAoB,IAAjC;AAEAjB,GAAG,CAACkB,MAAJ,CAAWD,IAAX,EAAiB,YAAM;AACrB;AACAE,EAAAA,OAAO,CAACC,GAAR,+BAAmCN,QAAnC,cAA+CG,IAA/C;AACD,CAHD;eAKejB,G","sourceRoot":"/Users/chidinmaezekwe/Desktop/github_users_search_api/src","sourcesContent":["import express from 'express';\nimport bodyParser from 'body-parser';\nimport cors from 'cors';\nimport morgan from 'morgan';\nimport dotenv from 'dotenv';\nimport routes from './routes';\n\ndotenv.config();\n\nconst app = express();\n\napp.get('/status', (req, res) => res.status(200)\n  .json({ message: 'Welcome to search api' }));\napp.enable('trust proxy');\n// Enable Cross Origin Resource Sharing to all origins\napp.use(cors());\n\n// Log requests to the console.\nconst loggerFormat = '- [:date[web]] \":method :url\" :status :response-time';\n\napp.use(morgan(loggerFormat));\n\n// Parse incoming requests data\napp.use(bodyParser.json());\napp.use(bodyParser.urlencoded({ extended: false }));\n\n// Define Route\napp.use('/api/v1/', routes);\n\n// error handlers\napp.use('*', (req, res) => res.status(404).json({\n  message: 'Well, will you help build this route? 🤷🏼‍♂️',\n}));\n\nconst hostname = process.env.hostname || '127.0.0.1';\nconst port = process.env.port || 9000;\n\napp.listen(port, () => {\n  // eslint-disable-next-line no-console\n  console.log(`API is listening on ${hostname}:${port}`);\n});\n\nexport default app;\n"]},"_coverageSchema":"1a1c01bbd47fc00a2c39e90264f33305004495a9","hash":"0aab8ebbcdcf45208459b85c6b87578ac91157bf","contentHash":"a6f58834acbc742938aa68e0a5982f4b2283682a09a37b80912d87b96d600e5d"},"/Users/chidinmaezekwe/Desktop/github_users_search_api/src/routes/index.js":{"path":"/Users/chidinmaezekwe/Desktop/github_users_search_api/src/routes/index.js","statementMap":{"0":{"start":{"line":3,"column":0},"end":{"line":5,"column":3}},"1":{"start":{"line":6,"column":0},"end":{"line":6,"column":28}},"2":{"start":{"line":8,"column":15},"end":{"line":8,"column":33}},"3":{"start":{"line":10,"column":17},"end":{"line":10,"column":76}},"4":{"start":{"line":12,"column":23},"end":{"line":12,"column":88}},"5":{"start":{"line":14,"column":39},"end":{"line":14,"column":95}},"6":{"start":{"line":16,"column":13},"end":{"line":16,"column":35}},"7":{"start":{"line":17,"column":0},"end":{"line":17,"column":124}},"8":{"start":{"line":18,"column":15},"end":{"line":18,"column":21}},"9":{"start":{"line":19,"column":0},"end":{"line":19,"column":30}}},"fnMap":{"0":{"name":"_interopRequireDefault","decl":{"start":{"line":14,"column":9},"end":{"line":14,"column":31}},"loc":{"start":{"line":14,"column":37},"end":{"line":14,"column":97}},"line":14}},"branchMap":{"0":{"loc":{"start":{"line":14,"column":46},"end":{"line":14,"column":94}},"type":"cond-expr","locations":[{"start":{"line":14,"column":70},"end":{"line":14,"column":73}},{"start":{"line":14,"column":76},"end":{"line":14,"column":94}}],"line":14},"1":{"loc":{"start":{"line":14,"column":46},"end":{"line":14,"column":67}},"type":"binary-expr","locations":[{"start":{"line":14,"column":46},"end":{"line":14,"column":49}},{"start":{"line":14,"column":53},"end":{"line":14,"column":67}}],"line":14}},"s":{"0":1,"1":1,"2":1,"3":1,"4":1,"5":2,"6":1,"7":1,"8":1,"9":1},"f":{"0":2},"b":{"0":[2,0],"1":[2,2]},"inputSourceMap":{"version":3,"sources":["index.js"],"names":["router","get","Validator","paramsChecker","UsersController","fetchUsers"],"mappings":";;;;;;;AAAA;;AACA;;AACA;;;;AAEA,IAAMA,MAAM,GAAG,sBAAf;AAEAA,MAAM,CAACC,GAAP,CAAW,kCAAX,EAA+CC,sBAAUC,aAAzD,EAAwEC,4BAAgBC,UAAxF;eAEeL,M","sourceRoot":"/Users/chidinmaezekwe/Desktop/github_users_search_api/src/routes","sourcesContent":["import { Router } from 'express';\nimport Validator from '../middlewares/Validator';\nimport UsersController from '../controllers/UsersController';\n\nconst router = Router();\n\nrouter.get('/users/:usernameString/:language', Validator.paramsChecker, UsersController.fetchUsers);\n\nexport default router;\n"]},"_coverageSchema":"1a1c01bbd47fc00a2c39e90264f33305004495a9","hash":"c0b3882bbfadeebfbed5eb007aa41a0fdeac191b","contentHash":"c6e85333e34731a89fb82b61a14436e2c75ba41bf58c1cf669ba963e45f701b2"},"/Users/chidinmaezekwe/Desktop/github_users_search_api/src/middlewares/Validator.js":{"path":"/Users/chidinmaezekwe/Desktop/github_users_search_api/src/middlewares/Validator.js","statementMap":{"0":{"start":{"line":3,"column":0},"end":{"line":5,"column":3}},"1":{"start":{"line":6,"column":0},"end":{"line":6,"column":28}},"2":{"start":{"line":8,"column":50},"end":{"line":8,"column":151}},"3":{"start":{"line":8,"column":92},"end":{"line":8,"column":149}},"4":{"start":{"line":10,"column":44},"end":{"line":10,"column":315}},"5":{"start":{"line":10,"column":57},"end":{"line":10,"column":58}},"6":{"start":{"line":10,"column":102},"end":{"line":10,"column":110}},"7":{"start":{"line":10,"column":112},"end":{"line":10,"column":167}},"8":{"start":{"line":10,"column":168},"end":{"line":10,"column":199}},"9":{"start":{"line":10,"column":200},"end":{"line":10,"column":254}},"10":{"start":{"line":10,"column":227},"end":{"line":10,"column":254}},"11":{"start":{"line":10,"column":255},"end":{"line":10,"column":313}},"12":{"start":{"line":12,"column":62},"end":{"line":12,"column":131}},"13":{"start":{"line":12,"column":78},"end":{"line":12,"column":131}},"14":{"start":{"line":12,"column":132},"end":{"line":12,"column":193}},"15":{"start":{"line":12,"column":149},"end":{"line":12,"column":193}},"16":{"start":{"line":12,"column":194},"end":{"line":12,"column":213}},"17":{"start":{"line":17,"column":0},"end":{"line":67,"column":3}},"18":{"start":{"line":19,"column":4},"end":{"line":19,"column":37}},"19":{"start":{"line":22,"column":2},"end":{"line":64,"column":6}},"20":{"start":{"line":35,"column":24},"end":{"line":35,"column":34}},"21":{"start":{"line":36,"column":27},"end":{"line":36,"column":53}},"22":{"start":{"line":37,"column":21},"end":{"line":37,"column":41}},"23":{"start":{"line":38,"column":22},"end":{"line":38,"column":41}},"24":{"start":{"line":40,"column":6},"end":{"line":45,"column":7}},"25":{"start":{"line":41,"column":8},"end":{"line":44,"column":11}},"26":{"start":{"line":47,"column":23},"end":{"line":59,"column":7}},"27":{"start":{"line":48,"column":21},"end":{"line":48,"column":42}},"28":{"start":{"line":49,"column":8},"end":{"line":58,"column":11}},"29":{"start":{"line":50,"column":10},"end":{"line":55,"column":11}},"30":{"start":{"line":51,"column":12},"end":{"line":54,"column":15}},"31":{"start":{"line":57,"column":10},"end":{"line":57,"column":22}},"32":{"start":{"line":61,"column":6},"end":{"line":61,"column":43}},"33":{"start":{"line":61,"column":21},"end":{"line":61,"column":43}},"34":{"start":{"line":62,"column":6},"end":{"line":62,"column":20}},"35":{"start":{"line":66,"column":2},"end":{"line":66,"column":19}},"36":{"start":{"line":69,"column":15},"end":{"line":69,"column":24}},"37":{"start":{"line":70,"column":0},"end":{"line":70,"column":30}}},"fnMap":{"0":{"name":"_classCallCheck","decl":{"start":{"line":8,"column":9},"end":{"line":8,"column":24}},"loc":{"start":{"line":8,"column":48},"end":{"line":8,"column":153}},"line":8},"1":{"name":"_defineProperties","decl":{"start":{"line":10,"column":9},"end":{"line":10,"column":26}},"loc":{"start":{"line":10,"column":42},"end":{"line":10,"column":317}},"line":10},"2":{"name":"_createClass","decl":{"start":{"line":12,"column":9},"end":{"line":12,"column":21}},"loc":{"start":{"line":12,"column":60},"end":{"line":12,"column":215}},"line":12},"3":{"name":"(anonymous_3)","decl":{"start":{"line":17,"column":0},"end":{"line":17,"column":1}},"loc":{"start":{"line":17,"column":12},"end":{"line":67,"column":1}},"line":17},"4":{"name":"Validator","decl":{"start":{"line":18,"column":11},"end":{"line":18,"column":20}},"loc":{"start":{"line":18,"column":23},"end":{"line":20,"column":3}},"line":18},"5":{"name":"paramsChecker","decl":{"start":{"line":34,"column":20},"end":{"line":34,"column":33}},"loc":{"start":{"line":34,"column":50},"end":{"line":63,"column":5}},"line":34},"6":{"name":"checkParam","decl":{"start":{"line":47,"column":32},"end":{"line":47,"column":42}},"loc":{"start":{"line":47,"column":55},"end":{"line":59,"column":7}},"line":47},"7":{"name":"(anonymous_7)","decl":{"start":{"line":49,"column":23},"end":{"line":49,"column":24}},"loc":{"start":{"line":49,"column":40},"end":{"line":58,"column":9}},"line":49}},"branchMap":{"0":{"loc":{"start":{"line":8,"column":50},"end":{"line":8,"column":151}},"type":"if","locations":[{"start":{"line":8,"column":50},"end":{"line":8,"column":151}},{"start":{"line":8,"column":50},"end":{"line":8,"column":151}}],"line":8},"1":{"loc":{"start":{"line":10,"column":136},"end":{"line":10,"column":166}},"type":"binary-expr","locations":[{"start":{"line":10,"column":136},"end":{"line":10,"column":157}},{"start":{"line":10,"column":161},"end":{"line":10,"column":166}}],"line":10},"2":{"loc":{"start":{"line":10,"column":200},"end":{"line":10,"column":254}},"type":"if","locations":[{"start":{"line":10,"column":200},"end":{"line":10,"column":254}},{"start":{"line":10,"column":200},"end":{"line":10,"column":254}}],"line":10},"3":{"loc":{"start":{"line":12,"column":62},"end":{"line":12,"column":131}},"type":"if","locations":[{"start":{"line":12,"column":62},"end":{"line":12,"column":131}},{"start":{"line":12,"column":62},"end":{"line":12,"column":131}}],"line":12},"4":{"loc":{"start":{"line":12,"column":132},"end":{"line":12,"column":193}},"type":"if","locations":[{"start":{"line":12,"column":132},"end":{"line":12,"column":193}},{"start":{"line":12,"column":132},"end":{"line":12,"column":193}}],"line":12},"5":{"loc":{"start":{"line":40,"column":6},"end":{"line":45,"column":7}},"type":"if","locations":[{"start":{"line":40,"column":6},"end":{"line":45,"column":7}},{"start":{"line":40,"column":6},"end":{"line":45,"column":7}}],"line":40},"6":{"loc":{"start":{"line":40,"column":10},"end":{"line":40,"column":72}},"type":"binary-expr","locations":[{"start":{"line":40,"column":10},"end":{"line":40,"column":42}},{"start":{"line":40,"column":46},"end":{"line":40,"column":72}}],"line":40},"7":{"loc":{"start":{"line":50,"column":10},"end":{"line":55,"column":11}},"type":"if","locations":[{"start":{"line":50,"column":10},"end":{"line":55,"column":11}},{"start":{"line":50,"column":10},"end":{"line":55,"column":11}}],"line":50},"8":{"loc":{"start":{"line":50,"column":14},"end":{"line":50,"column":73}},"type":"binary-expr","locations":[{"start":{"line":50,"column":14},"end":{"line":50,"column":46}},{"start":{"line":50,"column":50},"end":{"line":50,"column":73}}],"line":50},"9":{"loc":{"start":{"line":61,"column":6},"end":{"line":61,"column":43}},"type":"if","locations":[{"start":{"line":61,"column":6},"end":{"line":61,"column":43}},{"start":{"line":61,"column":6},"end":{"line":61,"column":43}}],"line":61}},"s":{"0":1,"1":1,"2":0,"3":0,"4":1,"5":1,"6":1,"7":1,"8":1,"9":1,"10":1,"11":1,"12":1,"13":0,"14":1,"15":1,"16":1,"17":1,"18":0,"19":1,"20":4,"21":4,"22":4,"23":4,"24":4,"25":1,"26":3,"27":2,"28":2,"29":4,"30":2,"31":2,"32":3,"33":2,"34":2,"35":1,"36":1,"37":1},"f":{"0":0,"1":1,"2":1,"3":1,"4":0,"5":4,"6":2,"7":4},"b":{"0":[0,0],"1":[1,1],"2":[1,0],"3":[0,1],"4":[1,0],"5":[1,3],"6":[4,3],"7":[2,2],"8":[4,4],"9":[2,1]},"inputSourceMap":{"version":3,"sources":["Validator.js"],"names":["Validator","req","res","next","params","usernameString","language","fallbacks","query","trim","length","status","json","message","success","checkParam","parameters","split","forEach","param"],"mappings":";;;;;;;;;;;;;AAAA;IACMA,S;;;;;;;;;;AACJ;;;;;;;;AAQA;kCACqBC,G,EAAKC,G,EAAKC,I,EAAM;AAAA,wBAI/BF,GAAG,CAACG,MAJ2B;AAAA,UAEjCC,cAFiC,eAEjCA,cAFiC;AAAA,UAGjCC,QAHiC,eAGjCA,QAHiC;AAAA,UAK3BC,SAL2B,GAKbN,GAAG,CAACO,KALS,CAK3BD,SAL2B;;AAMnC,UAAIF,cAAc,CAACI,IAAf,GAAsBC,MAAtB,GAA+B,CAA/B,IAAoCJ,QAAQ,CAACG,IAAT,GAAgBC,MAAhB,GAAyB,CAAjE,EAAoE;AAClE,eAAOR,GAAG,CAACS,MAAJ,CAAW,GAAX,EAAgBC,IAAhB,CAAqB;AAC1BC,UAAAA,OAAO,EAAE,iDADiB;AAE1BC,UAAAA,OAAO,EAAE;AAFiB,SAArB,CAAP;AAID;;AACD,UAAMC,UAAU,GAAG,SAAbA,UAAa,CAACC,UAAD,EAAgB;AACjC,YAAMZ,MAAM,GAAGY,UAAU,CAACC,KAAX,CAAiB,GAAjB,CAAf;AACAb,QAAAA,MAAM,CAACc,OAAP,CAAe,UAACC,KAAD,EAAW;AACxB,cAAI,OAAOA,KAAK,CAACV,IAAN,EAAP,KAAwB,QAAxB,IAAoCU,KAAK,CAACV,IAAN,GAAaC,MAAb,GAAsB,CAA9D,EAAiE;AAC/D,mBAAOR,GAAG,CAACS,MAAJ,CAAW,GAAX,EAAgBC,IAAhB,CAAqB;AAC1BC,cAAAA,OAAO,EAAE,2EADiB;AAE1BC,cAAAA,OAAO,EAAE;AAFiB,aAArB,CAAP;AAID;;AACD,iBAAO,IAAP;AACD,SARD;AASD,OAXD;;AAYA,UAAIP,SAAJ,EAAeQ,UAAU,CAACR,SAAD,CAAV;AACf,aAAOJ,IAAI,EAAX;AACD;;;;;;eAGYH,S","sourceRoot":"/Users/chidinmaezekwe/Desktop/github_users_search_api/src/middlewares","sourcesContent":["/** Validates inputs class */\nclass Validator {\n  /**\n     * @static\n     * @param {object} req\n     * @param {object} res\n     * @param {function} next\n     * @memberof Validator\n     * @returns {function} next\n     */\n  // eslint-disable-next-line consistent-return\n  static paramsChecker(req, res, next) {\n    const {\n      usernameString,\n      language,\n    } = req.params;\n    const { fallbacks } = req.query;\n    if (usernameString.trim().length < 1 || language.trim().length < 1) {\n      return res.status(400).json({\n        message: 'invalid parameter,please provide a valid string',\n        success: false,\n      });\n    }\n    const checkParam = (parameters) => {\n      const params = parameters.split(',');\n      params.forEach((param) => {\n        if (typeof param.trim() !== 'string' || param.trim().length < 1) {\n          return res.status(400).json({\n            message: 'invalid parameter, Please make sure all provided params are valid strings',\n            success: false,\n          });\n        }\n        return true;\n      });\n    };\n    if (fallbacks) checkParam(fallbacks);\n    return next();\n  }\n}\n\nexport default Validator;\n"]},"_coverageSchema":"1a1c01bbd47fc00a2c39e90264f33305004495a9","hash":"1f13a0953057f833ec10126561a1a00dc24c47c4","contentHash":"d2aa72c2a47db0a0a5fa419c5fa1de499fa85c8836fd9229022f41f794594983"},"/Users/chidinmaezekwe/Desktop/github_users_search_api/src/controllers/UsersController.js":{"path":"/Users/chidinmaezekwe/Desktop/github_users_search_api/src/controllers/UsersController.js","statementMap":{"0":{"start":{"line":3,"column":0},"end":{"line":5,"column":3}},"1":{"start":{"line":6,"column":0},"end":{"line":6,"column":28}},"2":{"start":{"line":8,"column":19},"end":{"line":8,"column":77}},"3":{"start":{"line":10,"column":39},"end":{"line":10,"column":95}},"4":{"start":{"line":12,"column":77},"end":{"line":12,"column":175}},"5":{"start":{"line":12,"column":94},"end":{"line":12,"column":107}},"6":{"start":{"line":12,"column":121},"end":{"line":12,"column":131}},"7":{"start":{"line":12,"column":151},"end":{"line":12,"column":165}},"8":{"start":{"line":12,"column":166},"end":{"line":12,"column":173}},"9":{"start":{"line":12,"column":176},"end":{"line":12,"column":263}},"10":{"start":{"line":12,"column":193},"end":{"line":12,"column":208}},"11":{"start":{"line":12,"column":218},"end":{"line":12,"column":261}},"12":{"start":{"line":14,"column":33},"end":{"line":14,"column":387}},"13":{"start":{"line":14,"column":65},"end":{"line":14,"column":69}},"14":{"start":{"line":14,"column":78},"end":{"line":14,"column":87}},"15":{"start":{"line":14,"column":89},"end":{"line":14,"column":384}},"16":{"start":{"line":14,"column":147},"end":{"line":14,"column":167}},"17":{"start":{"line":14,"column":193},"end":{"line":14,"column":264}},"18":{"start":{"line":14,"column":290},"end":{"line":14,"column":360}},"19":{"start":{"line":14,"column":363},"end":{"line":14,"column":380}},"20":{"start":{"line":16,"column":50},"end":{"line":16,"column":151}},"21":{"start":{"line":16,"column":92},"end":{"line":16,"column":149}},"22":{"start":{"line":18,"column":44},"end":{"line":18,"column":315}},"23":{"start":{"line":18,"column":57},"end":{"line":18,"column":58}},"24":{"start":{"line":18,"column":102},"end":{"line":18,"column":110}},"25":{"start":{"line":18,"column":112},"end":{"line":18,"column":167}},"26":{"start":{"line":18,"column":168},"end":{"line":18,"column":199}},"27":{"start":{"line":18,"column":200},"end":{"line":18,"column":254}},"28":{"start":{"line":18,"column":227},"end":{"line":18,"column":254}},"29":{"start":{"line":18,"column":255},"end":{"line":18,"column":313}},"30":{"start":{"line":20,"column":62},"end":{"line":20,"column":131}},"31":{"start":{"line":20,"column":78},"end":{"line":20,"column":131}},"32":{"start":{"line":20,"column":132},"end":{"line":20,"column":193}},"33":{"start":{"line":20,"column":149},"end":{"line":20,"column":193}},"34":{"start":{"line":20,"column":194},"end":{"line":20,"column":213}},"35":{"start":{"line":25,"column":0},"end":{"line":103,"column":3}},"36":{"start":{"line":27,"column":4},"end":{"line":27,"column":43}},"37":{"start":{"line":30,"column":2},"end":{"line":100,"column":6}},"38":{"start":{"line":41,"column":24},"end":{"line":92,"column":9}},"39":{"start":{"line":46,"column":8},"end":{"line":91,"column":37}},"40":{"start":{"line":47,"column":10},"end":{"line":90,"column":11}},"41":{"start":{"line":48,"column":12},"end":{"line":89,"column":13}},"42":{"start":{"line":50,"column":16},"end":{"line":50,"column":34}},"43":{"start":{"line":51,"column":16},"end":{"line":51,"column":119}},"44":{"start":{"line":52,"column":16},"end":{"line":52,"column":48}},"45":{"start":{"line":53,"column":16},"end":{"line":53,"column":60}},"46":{"start":{"line":54,"column":16},"end":{"line":54,"column":34}},"47":{"start":{"line":55,"column":16},"end":{"line":55,"column":93}},"48":{"start":{"line":58,"column":16},"end":{"line":58,"column":39}},"49":{"start":{"line":60,"column":16},"end":{"line":63,"column":17}},"50":{"start":{"line":61,"column":18},"end":{"line":61,"column":36}},"51":{"start":{"line":62,"column":18},"end":{"line":62,"column":24}},"52":{"start":{"line":65,"column":16},"end":{"line":69,"column":20}},"53":{"start":{"line":72,"column":16},"end":{"line":76,"column":20}},"54":{"start":{"line":79,"column":16},"end":{"line":79,"column":35}},"55":{"start":{"line":80,"column":16},"end":{"line":80,"column":51}},"56":{"start":{"line":81,"column":16},"end":{"line":84,"column":20}},"57":{"start":{"line":88,"column":16},"end":{"line":88,"column":39}},"58":{"start":{"line":95,"column":8},"end":{"line":95,"column":50}},"59":{"start":{"line":98,"column":6},"end":{"line":98,"column":24}},"60":{"start":{"line":102,"column":2},"end":{"line":102,"column":25}},"61":{"start":{"line":105,"column":15},"end":{"line":105,"column":30}},"62":{"start":{"line":106,"column":0},"end":{"line":106,"column":30}}},"fnMap":{"0":{"name":"_interopRequireDefault","decl":{"start":{"line":10,"column":9},"end":{"line":10,"column":31}},"loc":{"start":{"line":10,"column":37},"end":{"line":10,"column":97}},"line":10},"1":{"name":"asyncGeneratorStep","decl":{"start":{"line":12,"column":9},"end":{"line":12,"column":27}},"loc":{"start":{"line":12,"column":75},"end":{"line":12,"column":265}},"line":12},"2":{"name":"_asyncToGenerator","decl":{"start":{"line":14,"column":9},"end":{"line":14,"column":26}},"loc":{"start":{"line":14,"column":31},"end":{"line":14,"column":389}},"line":14},"3":{"name":"(anonymous_3)","decl":{"start":{"line":14,"column":40},"end":{"line":14,"column":41}},"loc":{"start":{"line":14,"column":52},"end":{"line":14,"column":386}},"line":14},"4":{"name":"(anonymous_4)","decl":{"start":{"line":14,"column":108},"end":{"line":14,"column":109}},"loc":{"start":{"line":14,"column":135},"end":{"line":14,"column":382}},"line":14},"5":{"name":"_next","decl":{"start":{"line":14,"column":178},"end":{"line":14,"column":183}},"loc":{"start":{"line":14,"column":191},"end":{"line":14,"column":266}},"line":14},"6":{"name":"_throw","decl":{"start":{"line":14,"column":276},"end":{"line":14,"column":282}},"loc":{"start":{"line":14,"column":288},"end":{"line":14,"column":362}},"line":14},"7":{"name":"_classCallCheck","decl":{"start":{"line":16,"column":9},"end":{"line":16,"column":24}},"loc":{"start":{"line":16,"column":48},"end":{"line":16,"column":153}},"line":16},"8":{"name":"_defineProperties","decl":{"start":{"line":18,"column":9},"end":{"line":18,"column":26}},"loc":{"start":{"line":18,"column":42},"end":{"line":18,"column":317}},"line":18},"9":{"name":"_createClass","decl":{"start":{"line":20,"column":9},"end":{"line":20,"column":21}},"loc":{"start":{"line":20,"column":60},"end":{"line":20,"column":215}},"line":20},"10":{"name":"(anonymous_10)","decl":{"start":{"line":25,"column":0},"end":{"line":25,"column":1}},"loc":{"start":{"line":25,"column":12},"end":{"line":103,"column":1}},"line":25},"11":{"name":"UsersController","decl":{"start":{"line":26,"column":11},"end":{"line":26,"column":26}},"loc":{"start":{"line":26,"column":29},"end":{"line":28,"column":3}},"line":26},"12":{"name":"(anonymous_12)","decl":{"start":{"line":40,"column":11},"end":{"line":40,"column":12}},"loc":{"start":{"line":40,"column":23},"end":{"line":99,"column":5}},"line":40},"13":{"name":"_callee","decl":{"start":{"line":43,"column":39},"end":{"line":43,"column":46}},"loc":{"start":{"line":43,"column":57},"end":{"line":92,"column":7}},"line":43},"14":{"name":"_callee$","decl":{"start":{"line":46,"column":48},"end":{"line":46,"column":56}},"loc":{"start":{"line":46,"column":67},"end":{"line":91,"column":9}},"line":46},"15":{"name":"fetchUsers","decl":{"start":{"line":94,"column":15},"end":{"line":94,"column":25}},"loc":{"start":{"line":94,"column":35},"end":{"line":96,"column":7}},"line":94}},"branchMap":{"0":{"loc":{"start":{"line":10,"column":46},"end":{"line":10,"column":94}},"type":"cond-expr","locations":[{"start":{"line":10,"column":70},"end":{"line":10,"column":73}},{"start":{"line":10,"column":76},"end":{"line":10,"column":94}}],"line":10},"1":{"loc":{"start":{"line":10,"column":46},"end":{"line":10,"column":67}},"type":"binary-expr","locations":[{"start":{"line":10,"column":46},"end":{"line":10,"column":49}},{"start":{"line":10,"column":53},"end":{"line":10,"column":67}}],"line":10},"2":{"loc":{"start":{"line":12,"column":176},"end":{"line":12,"column":263}},"type":"if","locations":[{"start":{"line":12,"column":176},"end":{"line":12,"column":263}},{"start":{"line":12,"column":176},"end":{"line":12,"column":263}}],"line":12},"3":{"loc":{"start":{"line":16,"column":50},"end":{"line":16,"column":151}},"type":"if","locations":[{"start":{"line":16,"column":50},"end":{"line":16,"column":151}},{"start":{"line":16,"column":50},"end":{"line":16,"column":151}}],"line":16},"4":{"loc":{"start":{"line":18,"column":136},"end":{"line":18,"column":166}},"type":"binary-expr","locations":[{"start":{"line":18,"column":136},"end":{"line":18,"column":157}},{"start":{"line":18,"column":161},"end":{"line":18,"column":166}}],"line":18},"5":{"loc":{"start":{"line":18,"column":200},"end":{"line":18,"column":254}},"type":"if","locations":[{"start":{"line":18,"column":200},"end":{"line":18,"column":254}},{"start":{"line":18,"column":200},"end":{"line":18,"column":254}}],"line":18},"6":{"loc":{"start":{"line":20,"column":62},"end":{"line":20,"column":131}},"type":"if","locations":[{"start":{"line":20,"column":62},"end":{"line":20,"column":131}},{"start":{"line":20,"column":62},"end":{"line":20,"column":131}}],"line":20},"7":{"loc":{"start":{"line":20,"column":132},"end":{"line":20,"column":193}},"type":"if","locations":[{"start":{"line":20,"column":132},"end":{"line":20,"column":193}},{"start":{"line":20,"column":132},"end":{"line":20,"column":193}}],"line":20},"8":{"loc":{"start":{"line":48,"column":12},"end":{"line":89,"column":13}},"type":"switch","locations":[{"start":{"line":49,"column":14},"end":{"line":55,"column":93}},{"start":{"line":57,"column":14},"end":{"line":69,"column":20}},{"start":{"line":71,"column":14},"end":{"line":76,"column":20}},{"start":{"line":78,"column":14},"end":{"line":84,"column":20}},{"start":{"line":86,"column":14},"end":{"line":86,"column":22}},{"start":{"line":87,"column":14},"end":{"line":88,"column":39}}],"line":48},"9":{"loc":{"start":{"line":60,"column":16},"end":{"line":63,"column":17}},"type":"if","locations":[{"start":{"line":60,"column":16},"end":{"line":63,"column":17}},{"start":{"line":60,"column":16},"end":{"line":63,"column":17}}],"line":60}},"s":{"0":1,"1":1,"2":1,"3":1,"4":4,"5":4,"6":4,"7":0,"8":0,"9":4,"10":2,"11":2,"12":1,"13":2,"14":2,"15":2,"16":2,"17":4,"18":0,"19":2,"20":0,"21":0,"22":1,"23":1,"24":1,"25":1,"26":1,"27":1,"28":1,"29":1,"30":1,"31":0,"32":1,"33":1,"34":1,"35":1,"36":0,"37":1,"38":1,"39":2,"40":6,"41":8,"42":2,"43":2,"44":2,"45":2,"46":2,"47":2,"48":2,"49":2,"50":2,"51":2,"52":0,"53":2,"54":0,"55":0,"56":0,"57":2,"58":2,"59":1,"60":1,"61":1,"62":1},"f":{"0":1,"1":4,"2":1,"3":2,"4":2,"5":4,"6":0,"7":0,"8":1,"9":1,"10":1,"11":0,"12":1,"13":2,"14":6,"15":2},"b":{"0":[1,0],"1":[1,1],"2":[2,2],"3":[0,0],"4":[1,1],"5":[1,0],"6":[0,1],"7":[1,0],"8":[2,2,2,0,0,2],"9":[2,0]},"inputSourceMap":{"version":3,"sources":["UsersController.js"],"names":["UsersController","req","res","params","usernameString","language","fallbacks","query","userService","UserService","fetchUsersByLanguage","result","totalCount","status","json","message","success","users"],"mappings":";;;;;;;AAAA;;;;;;;;;;;;;;AAEA;IACMA,e;;;;;;;;;;AACJ;;;;;;;;;;+CAOwBC,G,EAAKC,G;;;;;;;;8BAEYD,GAAG,CAACE,M,EAAjCC,c,eAAAA,c,EAAgBC,Q,eAAAA,Q;AAChBC,gBAAAA,S,GAAcL,GAAG,CAACM,K,CAAlBD,S;AACFE,gBAAAA,W,GAAc,IAAIC,uBAAJ,E;;uBACCD,WAAW,CAACE,oBAAZ,CAAiCN,cAAjC,EAAiDC,QAAjD,EAA2DC,SAA3D,C;;;AAAfK,gBAAAA,M;;oBAEDA,MAAM,CAACC,U;;;;;iDACHV,GAAG,CAACW,MAAJ,CAAW,GAAX,EAAgBC,IAAhB,CAAqB;AAC1BC,kBAAAA,OAAO,EAAE,iFADiB;AAE1BC,kBAAAA,OAAO,EAAE,IAFiB;AAG1BC,kBAAAA,KAAK,EAAE;AAHmB,iBAArB,C;;;iDAMFf,GAAG,CAACW,MAAJ,CAAW,GAAX,EAAgBC,IAAhB,CAAqB;AAC1BC,kBAAAA,OAAO,EAAE,8BADiB;AAE1BC,kBAAAA,OAAO,EAAE,IAFiB;AAG1BL,kBAAAA,MAAM,EAANA;AAH0B,iBAArB,C;;;;;iDAMAT,GAAG,CAACW,MAAJ,CAAW,GAAX,EAAgBC,IAAhB,CAAqB;AAC1BC,kBAAAA,OAAO,EAAE,uDADiB;AAE1BC,kBAAAA,OAAO,EAAE;AAFiB,iBAArB,C;;;;;;;;;;;;;;;;;;;;;eAQEhB,e","sourceRoot":"/Users/chidinmaezekwe/Desktop/github_users_search_api/src/controllers","sourcesContent":["import UserService from '../services/UserService';\n\n/** Users Controller Class */\nclass UsersController {\n  /**\n   * @desc POST /api/v1/auth/verify\n   * @param {object} req\n   * @param {object} res\n   * @memberof UsersController\n   * @returns users\n   */\n  static async fetchUsers(req, res) {\n    try {\n      const { usernameString, language } = req.params;\n      const { fallbacks } = req.query;\n      const userService = new UserService();\n      const result = await userService.fetchUsersByLanguage(usernameString, language, fallbacks);\n\n      if (!result.totalCount) {\n        return res.status(200).json({\n          message: 'There are no users who match the search queries, please try including falsbacks',\n          success: true,\n          users: {},\n        });\n      }\n      return res.status(200).json({\n        message: 'Successfully retrieves users',\n        success: true,\n        result,\n      });\n    } catch (error) {\n      return res.status(500).json({\n        message: 'An unknown error occured,this could be a server error',\n        success: false,\n      });\n    }\n  }\n}\n\nexport default UsersController;\n"]},"_coverageSchema":"1a1c01bbd47fc00a2c39e90264f33305004495a9","hash":"9efda3b3cca36872f0fb77c0b48ab90567d429db","contentHash":"2527ad819931d7b7fe9b16586d772aef7f38cc5bbeddeae35c11c95d3795a465"},"/Users/chidinmaezekwe/Desktop/github_users_search_api/src/services/UserService.js":{"path":"/Users/chidinmaezekwe/Desktop/github_users_search_api/src/services/UserService.js","statementMap":{"0":{"start":{"line":3,"column":0},"end":{"line":5,"column":3}},"1":{"start":{"line":6,"column":0},"end":{"line":6,"column":28}},"2":{"start":{"line":8,"column":20},"end":{"line":8,"column":76}},"3":{"start":{"line":10,"column":39},"end":{"line":10,"column":95}},"4":{"start":{"line":12,"column":77},"end":{"line":12,"column":175}},"5":{"start":{"line":12,"column":94},"end":{"line":12,"column":107}},"6":{"start":{"line":12,"column":121},"end":{"line":12,"column":131}},"7":{"start":{"line":12,"column":151},"end":{"line":12,"column":165}},"8":{"start":{"line":12,"column":166},"end":{"line":12,"column":173}},"9":{"start":{"line":12,"column":176},"end":{"line":12,"column":263}},"10":{"start":{"line":12,"column":193},"end":{"line":12,"column":208}},"11":{"start":{"line":12,"column":218},"end":{"line":12,"column":261}},"12":{"start":{"line":14,"column":33},"end":{"line":14,"column":387}},"13":{"start":{"line":14,"column":65},"end":{"line":14,"column":69}},"14":{"start":{"line":14,"column":78},"end":{"line":14,"column":87}},"15":{"start":{"line":14,"column":89},"end":{"line":14,"column":384}},"16":{"start":{"line":14,"column":147},"end":{"line":14,"column":167}},"17":{"start":{"line":14,"column":193},"end":{"line":14,"column":264}},"18":{"start":{"line":14,"column":290},"end":{"line":14,"column":360}},"19":{"start":{"line":14,"column":363},"end":{"line":14,"column":380}},"20":{"start":{"line":16,"column":50},"end":{"line":16,"column":151}},"21":{"start":{"line":16,"column":92},"end":{"line":16,"column":149}},"22":{"start":{"line":18,"column":44},"end":{"line":18,"column":315}},"23":{"start":{"line":18,"column":57},"end":{"line":18,"column":58}},"24":{"start":{"line":18,"column":102},"end":{"line":18,"column":110}},"25":{"start":{"line":18,"column":112},"end":{"line":18,"column":167}},"26":{"start":{"line":18,"column":168},"end":{"line":18,"column":199}},"27":{"start":{"line":18,"column":200},"end":{"line":18,"column":254}},"28":{"start":{"line":18,"column":227},"end":{"line":18,"column":254}},"29":{"start":{"line":18,"column":255},"end":{"line":18,"column":313}},"30":{"start":{"line":20,"column":62},"end":{"line":20,"column":131}},"31":{"start":{"line":20,"column":78},"end":{"line":20,"column":131}},"32":{"start":{"line":20,"column":132},"end":{"line":20,"column":193}},"33":{"start":{"line":20,"column":149},"end":{"line":20,"column":193}},"34":{"start":{"line":20,"column":194},"end":{"line":20,"column":213}},"35":{"start":{"line":27,"column":0},"end":{"line":157,"column":3}},"36":{"start":{"line":34,"column":4},"end":{"line":34,"column":39}},"37":{"start":{"line":36,"column":4},"end":{"line":36,"column":55}},"38":{"start":{"line":45,"column":2},"end":{"line":154,"column":6}},"39":{"start":{"line":48,"column":34},"end":{"line":146,"column":9}},"40":{"start":{"line":61,"column":20},"end":{"line":61,"column":29}},"41":{"start":{"line":63,"column":8},"end":{"line":145,"column":37}},"42":{"start":{"line":64,"column":10},"end":{"line":144,"column":11}},"43":{"start":{"line":65,"column":12},"end":{"line":143,"column":13}},"44":{"start":{"line":67,"column":16},"end":{"line":67,"column":87}},"45":{"start":{"line":68,"column":16},"end":{"line":68,"column":34}},"46":{"start":{"line":69,"column":16},"end":{"line":69,"column":33}},"47":{"start":{"line":70,"column":16},"end":{"line":70,"column":34}},"48":{"start":{"line":71,"column":16},"end":{"line":71,"column":83}},"49":{"start":{"line":74,"column":16},"end":{"line":74,"column":38}},"50":{"start":{"line":75,"column":16},"end":{"line":75,"column":43}},"51":{"start":{"line":76,"column":16},"end":{"line":76,"column":42}},"52":{"start":{"line":78,"column":16},"end":{"line":81,"column":17}},"53":{"start":{"line":79,"column":18},"end":{"line":79,"column":37}},"54":{"start":{"line":80,"column":18},"end":{"line":80,"column":24}},"55":{"start":{"line":83,"column":16},"end":{"line":83,"column":51}},"56":{"start":{"line":84,"column":16},"end":{"line":84,"column":26}},"57":{"start":{"line":87,"column":16},"end":{"line":90,"column":17}},"58":{"start":{"line":88,"column":18},"end":{"line":88,"column":37}},"59":{"start":{"line":89,"column":18},"end":{"line":89,"column":24}},"60":{"start":{"line":92,"column":16},"end":{"line":92,"column":35}},"61":{"start":{"line":93,"column":16},"end":{"line":93,"column":93}},"62":{"start":{"line":96,"column":16},"end":{"line":96,"column":38}},"63":{"start":{"line":98,"column":16},"end":{"line":101,"column":17}},"64":{"start":{"line":99,"column":18},"end":{"line":99,"column":37}},"65":{"start":{"line":100,"column":18},"end":{"line":100,"column":24}},"66":{"start":{"line":103,"column":16},"end":{"line":103,"column":42}},"67":{"start":{"line":104,"column":16},"end":{"line":104,"column":52}},"68":{"start":{"line":105,"column":16},"end":{"line":105,"column":52}},"69":{"start":{"line":108,"column":16},"end":{"line":108,"column":27}},"70":{"start":{"line":109,"column":16},"end":{"line":109,"column":35}},"71":{"start":{"line":110,"column":16},"end":{"line":110,"column":22}},"72":{"start":{"line":113,"column":16},"end":{"line":113,"column":139}},"73":{"start":{"line":115,"column":16},"end":{"line":118,"column":17}},"74":{"start":{"line":116,"column":18},"end":{"line":116,"column":37}},"75":{"start":{"line":117,"column":18},"end":{"line":117,"column":24}},"76":{"start":{"line":120,"column":16},"end":{"line":120,"column":35}},"77":{"start":{"line":121,"column":16},"end":{"line":121,"column":74}},"78":{"start":{"line":124,"column":16},"end":{"line":124,"column":37}},"79":{"start":{"line":125,"column":16},"end":{"line":130,"column":18}},"80":{"start":{"line":133,"column":16},"end":{"line":133,"column":62}},"81":{"start":{"line":136,"column":16},"end":{"line":136,"column":35}},"82":{"start":{"line":137,"column":16},"end":{"line":137,"column":51}},"83":{"start":{"line":138,"column":16},"end":{"line":138,"column":34}},"84":{"start":{"line":142,"column":16},"end":{"line":142,"column":39}},"85":{"start":{"line":149,"column":8},"end":{"line":149,"column":60}},"86":{"start":{"line":152,"column":6},"end":{"line":152,"column":34}},"87":{"start":{"line":156,"column":2},"end":{"line":156,"column":21}},"88":{"start":{"line":159,"column":15},"end":{"line":159,"column":26}},"89":{"start":{"line":160,"column":0},"end":{"line":160,"column":30}}},"fnMap":{"0":{"name":"_interopRequireDefault","decl":{"start":{"line":10,"column":9},"end":{"line":10,"column":31}},"loc":{"start":{"line":10,"column":37},"end":{"line":10,"column":97}},"line":10},"1":{"name":"asyncGeneratorStep","decl":{"start":{"line":12,"column":9},"end":{"line":12,"column":27}},"loc":{"start":{"line":12,"column":75},"end":{"line":12,"column":265}},"line":12},"2":{"name":"_asyncToGenerator","decl":{"start":{"line":14,"column":9},"end":{"line":14,"column":26}},"loc":{"start":{"line":14,"column":31},"end":{"line":14,"column":389}},"line":14},"3":{"name":"(anonymous_3)","decl":{"start":{"line":14,"column":40},"end":{"line":14,"column":41}},"loc":{"start":{"line":14,"column":52},"end":{"line":14,"column":386}},"line":14},"4":{"name":"(anonymous_4)","decl":{"start":{"line":14,"column":108},"end":{"line":14,"column":109}},"loc":{"start":{"line":14,"column":135},"end":{"line":14,"column":382}},"line":14},"5":{"name":"_next","decl":{"start":{"line":14,"column":178},"end":{"line":14,"column":183}},"loc":{"start":{"line":14,"column":191},"end":{"line":14,"column":266}},"line":14},"6":{"name":"_throw","decl":{"start":{"line":14,"column":276},"end":{"line":14,"column":282}},"loc":{"start":{"line":14,"column":288},"end":{"line":14,"column":362}},"line":14},"7":{"name":"_classCallCheck","decl":{"start":{"line":16,"column":9},"end":{"line":16,"column":24}},"loc":{"start":{"line":16,"column":48},"end":{"line":16,"column":153}},"line":16},"8":{"name":"_defineProperties","decl":{"start":{"line":18,"column":9},"end":{"line":18,"column":26}},"loc":{"start":{"line":18,"column":42},"end":{"line":18,"column":317}},"line":18},"9":{"name":"_createClass","decl":{"start":{"line":20,"column":9},"end":{"line":20,"column":21}},"loc":{"start":{"line":20,"column":60},"end":{"line":20,"column":215}},"line":20},"10":{"name":"(anonymous_10)","decl":{"start":{"line":27,"column":0},"end":{"line":27,"column":1}},"loc":{"start":{"line":27,"column":12},"end":{"line":157,"column":1}},"line":27},"11":{"name":"UserService","decl":{"start":{"line":33,"column":11},"end":{"line":33,"column":22}},"loc":{"start":{"line":33,"column":25},"end":{"line":37,"column":3}},"line":33},"12":{"name":"(anonymous_12)","decl":{"start":{"line":47,"column":11},"end":{"line":47,"column":12}},"loc":{"start":{"line":47,"column":23},"end":{"line":153,"column":5}},"line":47},"13":{"name":"_callee","decl":{"start":{"line":50,"column":39},"end":{"line":50,"column":46}},"loc":{"start":{"line":50,"column":67},"end":{"line":146,"column":7}},"line":50},"14":{"name":"_callee$","decl":{"start":{"line":63,"column":48},"end":{"line":63,"column":56}},"loc":{"start":{"line":63,"column":67},"end":{"line":145,"column":9}},"line":63},"15":{"name":"fetchUsersByLanguage","decl":{"start":{"line":148,"column":15},"end":{"line":148,"column":35}},"loc":{"start":{"line":148,"column":45},"end":{"line":150,"column":7}},"line":148}},"branchMap":{"0":{"loc":{"start":{"line":10,"column":46},"end":{"line":10,"column":94}},"type":"cond-expr","locations":[{"start":{"line":10,"column":70},"end":{"line":10,"column":73}},{"start":{"line":10,"column":76},"end":{"line":10,"column":94}}],"line":10},"1":{"loc":{"start":{"line":10,"column":46},"end":{"line":10,"column":67}},"type":"binary-expr","locations":[{"start":{"line":10,"column":46},"end":{"line":10,"column":49}},{"start":{"line":10,"column":53},"end":{"line":10,"column":67}}],"line":10},"2":{"loc":{"start":{"line":12,"column":176},"end":{"line":12,"column":263}},"type":"if","locations":[{"start":{"line":12,"column":176},"end":{"line":12,"column":263}},{"start":{"line":12,"column":176},"end":{"line":12,"column":263}}],"line":12},"3":{"loc":{"start":{"line":16,"column":50},"end":{"line":16,"column":151}},"type":"if","locations":[{"start":{"line":16,"column":50},"end":{"line":16,"column":151}},{"start":{"line":16,"column":50},"end":{"line":16,"column":151}}],"line":16},"4":{"loc":{"start":{"line":18,"column":136},"end":{"line":18,"column":166}},"type":"binary-expr","locations":[{"start":{"line":18,"column":136},"end":{"line":18,"column":157}},{"start":{"line":18,"column":161},"end":{"line":18,"column":166}}],"line":18},"5":{"loc":{"start":{"line":18,"column":200},"end":{"line":18,"column":254}},"type":"if","locations":[{"start":{"line":18,"column":200},"end":{"line":18,"column":254}},{"start":{"line":18,"column":200},"end":{"line":18,"column":254}}],"line":18},"6":{"loc":{"start":{"line":20,"column":62},"end":{"line":20,"column":131}},"type":"if","locations":[{"start":{"line":20,"column":62},"end":{"line":20,"column":131}},{"start":{"line":20,"column":62},"end":{"line":20,"column":131}}],"line":20},"7":{"loc":{"start":{"line":20,"column":132},"end":{"line":20,"column":193}},"type":"if","locations":[{"start":{"line":20,"column":132},"end":{"line":20,"column":193}},{"start":{"line":20,"column":132},"end":{"line":20,"column":193}}],"line":20},"8":{"loc":{"start":{"line":65,"column":12},"end":{"line":143,"column":13}},"type":"switch","locations":[{"start":{"line":66,"column":14},"end":{"line":71,"column":83}},{"start":{"line":73,"column":14},"end":{"line":84,"column":26}},{"start":{"line":86,"column":14},"end":{"line":93,"column":93}},{"start":{"line":95,"column":14},"end":{"line":105,"column":52}},{"start":{"line":107,"column":14},"end":{"line":110,"column":22}},{"start":{"line":112,"column":14},"end":{"line":121,"column":74}},{"start":{"line":123,"column":14},"end":{"line":130,"column":18}},{"start":{"line":132,"column":14},"end":{"line":133,"column":62}},{"start":{"line":135,"column":14},"end":{"line":138,"column":34}},{"start":{"line":140,"column":14},"end":{"line":140,"column":22}},{"start":{"line":141,"column":14},"end":{"line":142,"column":39}}],"line":65},"9":{"loc":{"start":{"line":67,"column":28},"end":{"line":67,"column":86}},"type":"cond-expr","locations":[{"start":{"line":67,"column":73},"end":{"line":67,"column":81}},{"start":{"line":67,"column":84},"end":{"line":67,"column":86}}],"line":67},"10":{"loc":{"start":{"line":67,"column":28},"end":{"line":67,"column":70}},"type":"binary-expr","locations":[{"start":{"line":67,"column":28},"end":{"line":67,"column":44}},{"start":{"line":67,"column":48},"end":{"line":67,"column":70}}],"line":67},"11":{"loc":{"start":{"line":78,"column":16},"end":{"line":81,"column":17}},"type":"if","locations":[{"start":{"line":78,"column":16},"end":{"line":81,"column":17}},{"start":{"line":78,"column":16},"end":{"line":81,"column":17}}],"line":78},"12":{"loc":{"start":{"line":78,"column":22},"end":{"line":78,"column":60}},"type":"binary-expr","locations":[{"start":{"line":78,"column":22},"end":{"line":78,"column":40}},{"start":{"line":78,"column":44},"end":{"line":78,"column":60}}],"line":78},"13":{"loc":{"start":{"line":87,"column":16},"end":{"line":90,"column":17}},"type":"if","locations":[{"start":{"line":87,"column":16},"end":{"line":90,"column":17}},{"start":{"line":87,"column":16},"end":{"line":90,"column":17}}],"line":87},"14":{"loc":{"start":{"line":98,"column":16},"end":{"line":101,"column":17}},"type":"if","locations":[{"start":{"line":98,"column":16},"end":{"line":101,"column":17}},{"start":{"line":98,"column":16},"end":{"line":101,"column":17}}],"line":98},"15":{"loc":{"start":{"line":115,"column":16},"end":{"line":118,"column":17}},"type":"if","locations":[{"start":{"line":115,"column":16},"end":{"line":118,"column":17}},{"start":{"line":115,"column":16},"end":{"line":118,"column":17}}],"line":115}},"s":{"0":1,"1":1,"2":1,"3":1,"4":8,"5":8,"6":8,"7":0,"8":0,"9":8,"10":2,"11":6,"12":1,"13":2,"14":2,"15":2,"16":2,"17":8,"18":0,"19":2,"20":2,"21":0,"22":1,"23":1,"24":1,"25":1,"26":1,"27":1,"28":1,"29":1,"30":1,"31":1,"32":1,"33":0,"34":1,"35":1,"36":2,"37":2,"38":1,"39":1,"40":2,"41":2,"42":11,"43":14,"44":2,"45":2,"46":2,"47":2,"48":2,"49":2,"50":2,"51":2,"52":2,"53":1,"54":1,"55":1,"56":1,"57":2,"58":0,"59":0,"60":2,"61":2,"62":2,"63":2,"64":1,"65":1,"66":1,"67":1,"68":1,"69":1,"70":1,"71":1,"72":2,"73":2,"74":0,"75":0,"76":2,"77":2,"78":2,"79":2,"80":2,"81":0,"82":0,"83":0,"84":2,"85":2,"86":1,"87":1,"88":1,"89":1},"f":{"0":1,"1":8,"2":1,"3":2,"4":2,"5":8,"6":0,"7":2,"8":1,"9":1,"10":1,"11":2,"12":1,"13":2,"14":11,"15":2},"b":{"0":[1,0],"1":[1,1],"2":[2,6],"3":[0,2],"4":[1,1],"5":[1,0],"6":[1,0],"7":[0,1],"8":[2,2,2,2,1,2,2,2,0,0,2],"9":[1,1],"10":[2,2],"11":[1,1],"12":[2,1],"13":[0,2],"14":[1,1],"15":[0,2]},"inputSourceMap":{"version":3,"sources":["UserService.js"],"names":["UserService","gitHubHelper","GitHubHelper","username","language","fallbacks","userDetails","searchUsersByLanguage","users","fromFallBack","total_count","length","fallBackArr","split","index","programmingLanguage","totalCount","retrieveUserDetails","items","data"],"mappings":";;;;;;;AACA;;;;;;;;;;;;;;AAEA;;;IAGMA,W;;;AACJ;;;;;AAKA,yBAAc;AAAA;;AACZ,SAAKC,YAAL,GAAoB,IAAIC,wBAAJ,EAApB;AACD;AAED;;;;;;;;;;;;+CAK2BC,Q,EAAUC,Q;;;;;;;;;;;;;;;;;AAAUC,gBAAAA,S,2DAAY,E;;AAGnDC,gBAAAA,W,GAAc,E;;uBACJ,KAAKL,YAAL,CAAkBM,qBAAlB,CAAwCJ,QAAxC,EAAkDC,QAAlD,C;;;AAAdI,gBAAAA,K;AAEAA,gBAAAA,KAAK,CAACC,YAAN,GAAqB,KAArB;AACAD,gBAAAA,KAAK,CAACJ,QAAN,GAAiBA,QAAjB;;sBACI,CAACI,KAAK,CAACE,WAAP,IAAsBL,SAAS,CAACM,M;;;;;AAC5BC,gBAAAA,W,GAAcP,SAAS,CAACQ,KAAV,CAAgB,GAAhB,C;AACXC,gBAAAA,K,GAAQ,C;;;sBAAGA,KAAK,GAAGF,WAAW,CAACD,M;;;;;;uBACxB,KAAKV,YAAL,CACXM,qBADW,CACWJ,QADX,EACqBS,WAAW,CAACE,KAAD,CADhC,C;;;AAAdN,gBAAAA,K;;qBAEIA,KAAK,CAACE,W;;;;;AACRF,gBAAAA,KAAK,CAACC,YAAN,GAAqB,IAArB;AACAD,gBAAAA,KAAK,CAACJ,QAAN,GAAiBQ,WAAW,CAACE,KAAD,CAA5B;;;;AAL4CA,gBAAAA,KAAK,IAAI,C;;;;;yBAUsBN,K,EAA/DO,mB,UAAVX,Q,EAA+BK,Y,UAAAA,Y,EAA2BO,U,UAAbN,W;;qBACjDM,U;;;;;;uBACiB,KAAKf,YAAL,CAAkBgB,mBAAlB,CAAsCT,KAAK,CAACU,KAA5C,C;;;AAAbC,gBAAAA,I;AACNb,gBAAAA,WAAW,GAAG;AACZE,kBAAAA,KAAK,EAAEW,IADK;AAEZJ,kBAAAA,mBAAmB,EAAnBA,mBAFY;AAGZN,kBAAAA,YAAY,EAAZA,YAHY;AAIZO,kBAAAA,UAAU,EAAVA;AAJY,iBAAd;;;iDAOKV,W;;;;;;;;;;;;;;;;;;;;;;;;;;eAMEN,W","sourceRoot":"/Users/chidinmaezekwe/Desktop/github_users_search_api/src/services","sourcesContent":["/* eslint-disable no-await-in-loop */\nimport GitHubHelper from '../utils/GitHubHelper';\n\n/**\n   * Creates an instance of UserService.\n   */\nclass UserService {\n  /**\n   * Creates an instance of UserService.\n   * @param {object} param\n   * @memberof UserService\n   */\n  constructor() {\n    this.gitHubHelper = new GitHubHelper();\n  }\n\n  /**\n   * Retrieves user details\n   * @param {number} - id\n   *@returns {object} - user\n   */\n  async fetchUsersByLanguage(username, language, fallbacks = '') {\n    try {\n      let users;\n      let userDetails = {};\n      users = await this.gitHubHelper.searchUsersByLanguage(username, language);\n\n      users.fromFallBack = false;\n      users.language = language;\n      if (!users.total_count && fallbacks.length) {\n        const fallBackArr = fallbacks.split(',');\n        for (let index = 0; index < fallBackArr.length; index += 1) {\n          users = await this.gitHubHelper\n            .searchUsersByLanguage(username, fallBackArr[index]);\n          if (users.total_count) {\n            users.fromFallBack = true;\n            users.language = fallBackArr[index];\n            break;\n          }\n        }\n      }\n      const { language: programmingLanguage, fromFallBack, total_count: totalCount } = users;\n      if (totalCount) {\n        const data = await this.gitHubHelper.retrieveUserDetails(users.items);\n        userDetails = {\n          users: data,\n          programmingLanguage,\n          fromFallBack,\n          totalCount,\n        };\n      }\n      return userDetails;\n    } catch (error) {\n      throw error;\n    }\n  }\n}\nexport default UserService;\n"]},"_coverageSchema":"1a1c01bbd47fc00a2c39e90264f33305004495a9","hash":"3d975641097ed9d218735adb0231b9c98a998855","contentHash":"2817322fa2f98493473aa37a06ccab2052251489dbc74e48d1e2786fe2b39fd1"},"/Users/chidinmaezekwe/Desktop/github_users_search_api/src/utils/GitHubHelper.js":{"path":"/Users/chidinmaezekwe/Desktop/github_users_search_api/src/utils/GitHubHelper.js","statementMap":{"0":{"start":{"line":3,"column":0},"end":{"line":5,"column":3}},"1":{"start":{"line":6,"column":0},"end":{"line":6,"column":28}},"2":{"start":{"line":8,"column":13},"end":{"line":8,"column":53}},"3":{"start":{"line":10,"column":39},"end":{"line":10,"column":95}},"4":{"start":{"line":12,"column":77},"end":{"line":12,"column":175}},"5":{"start":{"line":12,"column":94},"end":{"line":12,"column":107}},"6":{"start":{"line":12,"column":121},"end":{"line":12,"column":131}},"7":{"start":{"line":12,"column":151},"end":{"line":12,"column":165}},"8":{"start":{"line":12,"column":166},"end":{"line":12,"column":173}},"9":{"start":{"line":12,"column":176},"end":{"line":12,"column":263}},"10":{"start":{"line":12,"column":193},"end":{"line":12,"column":208}},"11":{"start":{"line":12,"column":218},"end":{"line":12,"column":261}},"12":{"start":{"line":14,"column":33},"end":{"line":14,"column":387}},"13":{"start":{"line":14,"column":65},"end":{"line":14,"column":69}},"14":{"start":{"line":14,"column":78},"end":{"line":14,"column":87}},"15":{"start":{"line":14,"column":89},"end":{"line":14,"column":384}},"16":{"start":{"line":14,"column":147},"end":{"line":14,"column":167}},"17":{"start":{"line":14,"column":193},"end":{"line":14,"column":264}},"18":{"start":{"line":14,"column":290},"end":{"line":14,"column":360}},"19":{"start":{"line":14,"column":363},"end":{"line":14,"column":380}},"20":{"start":{"line":16,"column":50},"end":{"line":16,"column":151}},"21":{"start":{"line":16,"column":92},"end":{"line":16,"column":149}},"22":{"start":{"line":18,"column":44},"end":{"line":18,"column":315}},"23":{"start":{"line":18,"column":57},"end":{"line":18,"column":58}},"24":{"start":{"line":18,"column":102},"end":{"line":18,"column":110}},"25":{"start":{"line":18,"column":112},"end":{"line":18,"column":167}},"26":{"start":{"line":18,"column":168},"end":{"line":18,"column":199}},"27":{"start":{"line":18,"column":200},"end":{"line":18,"column":254}},"28":{"start":{"line":18,"column":227},"end":{"line":18,"column":254}},"29":{"start":{"line":18,"column":255},"end":{"line":18,"column":313}},"30":{"start":{"line":20,"column":62},"end":{"line":20,"column":131}},"31":{"start":{"line":20,"column":78},"end":{"line":20,"column":131}},"32":{"start":{"line":20,"column":132},"end":{"line":20,"column":193}},"33":{"start":{"line":20,"column":149},"end":{"line":20,"column":193}},"34":{"start":{"line":20,"column":194},"end":{"line":20,"column":213}},"35":{"start":{"line":27,"column":0},"end":{"line":165,"column":3}},"36":{"start":{"line":34,"column":4},"end":{"line":34,"column":40}},"37":{"start":{"line":36,"column":4},"end":{"line":40,"column":7}},"38":{"start":{"line":49,"column":2},"end":{"line":162,"column":6}},"39":{"start":{"line":52,"column":35},"end":{"line":79,"column":9}},"40":{"start":{"line":56,"column":8},"end":{"line":78,"column":36}},"41":{"start":{"line":57,"column":10},"end":{"line":77,"column":11}},"42":{"start":{"line":58,"column":12},"end":{"line":76,"column":13}},"43":{"start":{"line":60,"column":16},"end":{"line":60,"column":34}},"44":{"start":{"line":61,"column":16},"end":{"line":61,"column":34}},"45":{"start":{"line":62,"column":16},"end":{"line":62,"column":148}},"46":{"start":{"line":65,"column":16},"end":{"line":65,"column":37}},"47":{"start":{"line":66,"column":16},"end":{"line":66,"column":60}},"48":{"start":{"line":69,"column":16},"end":{"line":69,"column":34}},"49":{"start":{"line":70,"column":16},"end":{"line":70,"column":51}},"50":{"start":{"line":71,"column":16},"end":{"line":71,"column":34}},"51":{"start":{"line":75,"column":16},"end":{"line":75,"column":39}},"52":{"start":{"line":82,"column":8},"end":{"line":82,"column":61}},"53":{"start":{"line":85,"column":6},"end":{"line":85,"column":35}},"54":{"start":{"line":96,"column":33},"end":{"line":154,"column":9}},"55":{"start":{"line":99,"column":20},"end":{"line":99,"column":24}},"56":{"start":{"line":102,"column":8},"end":{"line":153,"column":21}},"57":{"start":{"line":103,"column":10},"end":{"line":152,"column":11}},"58":{"start":{"line":104,"column":12},"end":{"line":151,"column":13}},"59":{"start":{"line":106,"column":16},"end":{"line":108,"column":19}},"60":{"start":{"line":107,"column":18},"end":{"line":107,"column":34}},"61":{"start":{"line":109,"column":16},"end":{"line":109,"column":35}},"62":{"start":{"line":110,"column":16},"end":{"line":142,"column":22}},"63":{"start":{"line":113,"column":29},"end":{"line":137,"column":21}},"64":{"start":{"line":118,"column":20},"end":{"line":136,"column":33}},"65":{"start":{"line":119,"column":22},"end":{"line":135,"column":23}},"66":{"start":{"line":120,"column":24},"end":{"line":134,"column":25}},"67":{"start":{"line":122,"column":28},"end":{"line":122,"column":47}},"68":{"start":{"line":123,"column":28},"end":{"line":123,"column":62}},"69":{"start":{"line":126,"column":28},"end":{"line":126,"column":51}},"70":{"start":{"line":127,"column":28},"end":{"line":127,"column":52}},"71":{"start":{"line":128,"column":28},"end":{"line":128,"column":67}},"72":{"start":{"line":129,"column":28},"end":{"line":129,"column":74}},"73":{"start":{"line":133,"column":28},"end":{"line":133,"column":52}},"74":{"start":{"line":139,"column":18},"end":{"line":141,"column":20}},"75":{"start":{"line":140,"column":20},"end":{"line":140,"column":55}},"76":{"start":{"line":145,"column":16},"end":{"line":145,"column":45}},"77":{"start":{"line":146,"column":16},"end":{"line":146,"column":63}},"78":{"start":{"line":150,"column":16},"end":{"line":150,"column":40}},"79":{"start":{"line":157,"column":8},"end":{"line":157,"column":59}},"80":{"start":{"line":160,"column":6},"end":{"line":160,"column":33}},"81":{"start":{"line":164,"column":2},"end":{"line":164,"column":22}},"82":{"start":{"line":167,"column":15},"end":{"line":167,"column":27}},"83":{"start":{"line":168,"column":0},"end":{"line":168,"column":30}}},"fnMap":{"0":{"name":"_interopRequireDefault","decl":{"start":{"line":10,"column":9},"end":{"line":10,"column":31}},"loc":{"start":{"line":10,"column":37},"end":{"line":10,"column":97}},"line":10},"1":{"name":"asyncGeneratorStep","decl":{"start":{"line":12,"column":9},"end":{"line":12,"column":27}},"loc":{"start":{"line":12,"column":75},"end":{"line":12,"column":265}},"line":12},"2":{"name":"_asyncToGenerator","decl":{"start":{"line":14,"column":9},"end":{"line":14,"column":26}},"loc":{"start":{"line":14,"column":31},"end":{"line":14,"column":389}},"line":14},"3":{"name":"(anonymous_3)","decl":{"start":{"line":14,"column":40},"end":{"line":14,"column":41}},"loc":{"start":{"line":14,"column":52},"end":{"line":14,"column":386}},"line":14},"4":{"name":"(anonymous_4)","decl":{"start":{"line":14,"column":108},"end":{"line":14,"column":109}},"loc":{"start":{"line":14,"column":135},"end":{"line":14,"column":382}},"line":14},"5":{"name":"_next","decl":{"start":{"line":14,"column":178},"end":{"line":14,"column":183}},"loc":{"start":{"line":14,"column":191},"end":{"line":14,"column":266}},"line":14},"6":{"name":"_throw","decl":{"start":{"line":14,"column":276},"end":{"line":14,"column":282}},"loc":{"start":{"line":14,"column":288},"end":{"line":14,"column":362}},"line":14},"7":{"name":"_classCallCheck","decl":{"start":{"line":16,"column":9},"end":{"line":16,"column":24}},"loc":{"start":{"line":16,"column":48},"end":{"line":16,"column":153}},"line":16},"8":{"name":"_defineProperties","decl":{"start":{"line":18,"column":9},"end":{"line":18,"column":26}},"loc":{"start":{"line":18,"column":42},"end":{"line":18,"column":317}},"line":18},"9":{"name":"_createClass","decl":{"start":{"line":20,"column":9},"end":{"line":20,"column":21}},"loc":{"start":{"line":20,"column":60},"end":{"line":20,"column":215}},"line":20},"10":{"name":"(anonymous_10)","decl":{"start":{"line":27,"column":0},"end":{"line":27,"column":1}},"loc":{"start":{"line":27,"column":12},"end":{"line":165,"column":1}},"line":27},"11":{"name":"GitHubHelper","decl":{"start":{"line":33,"column":11},"end":{"line":33,"column":23}},"loc":{"start":{"line":33,"column":26},"end":{"line":41,"column":3}},"line":33},"12":{"name":"(anonymous_12)","decl":{"start":{"line":51,"column":11},"end":{"line":51,"column":12}},"loc":{"start":{"line":51,"column":23},"end":{"line":86,"column":5}},"line":51},"13":{"name":"_callee","decl":{"start":{"line":54,"column":39},"end":{"line":54,"column":46}},"loc":{"start":{"line":54,"column":67},"end":{"line":79,"column":7}},"line":54},"14":{"name":"_callee$","decl":{"start":{"line":56,"column":48},"end":{"line":56,"column":56}},"loc":{"start":{"line":56,"column":67},"end":{"line":78,"column":9}},"line":56},"15":{"name":"searchUsersByLanguage","decl":{"start":{"line":81,"column":15},"end":{"line":81,"column":36}},"loc":{"start":{"line":81,"column":46},"end":{"line":83,"column":7}},"line":81},"16":{"name":"(anonymous_16)","decl":{"start":{"line":95,"column":11},"end":{"line":95,"column":12}},"loc":{"start":{"line":95,"column":23},"end":{"line":161,"column":5}},"line":95},"17":{"name":"_callee3","decl":{"start":{"line":98,"column":39},"end":{"line":98,"column":47}},"loc":{"start":{"line":98,"column":55},"end":{"line":154,"column":7}},"line":98},"18":{"name":"_callee3$","decl":{"start":{"line":102,"column":48},"end":{"line":102,"column":57}},"loc":{"start":{"line":102,"column":69},"end":{"line":153,"column":9}},"line":102},"19":{"name":"(anonymous_19)","decl":{"start":{"line":106,"column":37},"end":{"line":106,"column":38}},"loc":{"start":{"line":106,"column":53},"end":{"line":108,"column":17}},"line":106},"20":{"name":"(anonymous_20)","decl":{"start":{"line":112,"column":16},"end":{"line":112,"column":17}},"loc":{"start":{"line":112,"column":28},"end":{"line":142,"column":17}},"line":112},"21":{"name":"_callee2","decl":{"start":{"line":115,"column":51},"end":{"line":115,"column":59}},"loc":{"start":{"line":115,"column":69},"end":{"line":137,"column":19}},"line":115},"22":{"name":"_callee2$","decl":{"start":{"line":118,"column":60},"end":{"line":118,"column":69}},"loc":{"start":{"line":118,"column":81},"end":{"line":136,"column":21}},"line":118},"23":{"name":"(anonymous_23)","decl":{"start":{"line":139,"column":25},"end":{"line":139,"column":26}},"loc":{"start":{"line":139,"column":40},"end":{"line":141,"column":19}},"line":139},"24":{"name":"retrieveUserDetails","decl":{"start":{"line":156,"column":15},"end":{"line":156,"column":34}},"loc":{"start":{"line":156,"column":40},"end":{"line":158,"column":7}},"line":156}},"branchMap":{"0":{"loc":{"start":{"line":10,"column":46},"end":{"line":10,"column":94}},"type":"cond-expr","locations":[{"start":{"line":10,"column":70},"end":{"line":10,"column":73}},{"start":{"line":10,"column":76},"end":{"line":10,"column":94}}],"line":10},"1":{"loc":{"start":{"line":10,"column":46},"end":{"line":10,"column":67}},"type":"binary-expr","locations":[{"start":{"line":10,"column":46},"end":{"line":10,"column":49}},{"start":{"line":10,"column":53},"end":{"line":10,"column":67}}],"line":10},"2":{"loc":{"start":{"line":12,"column":176},"end":{"line":12,"column":263}},"type":"if","locations":[{"start":{"line":12,"column":176},"end":{"line":12,"column":263}},{"start":{"line":12,"column":176},"end":{"line":12,"column":263}}],"line":12},"3":{"loc":{"start":{"line":16,"column":50},"end":{"line":16,"column":151}},"type":"if","locations":[{"start":{"line":16,"column":50},"end":{"line":16,"column":151}},{"start":{"line":16,"column":50},"end":{"line":16,"column":151}}],"line":16},"4":{"loc":{"start":{"line":18,"column":136},"end":{"line":18,"column":166}},"type":"binary-expr","locations":[{"start":{"line":18,"column":136},"end":{"line":18,"column":157}},{"start":{"line":18,"column":161},"end":{"line":18,"column":166}}],"line":18},"5":{"loc":{"start":{"line":18,"column":200},"end":{"line":18,"column":254}},"type":"if","locations":[{"start":{"line":18,"column":200},"end":{"line":18,"column":254}},{"start":{"line":18,"column":200},"end":{"line":18,"column":254}}],"line":18},"6":{"loc":{"start":{"line":20,"column":62},"end":{"line":20,"column":131}},"type":"if","locations":[{"start":{"line":20,"column":62},"end":{"line":20,"column":131}},{"start":{"line":20,"column":62},"end":{"line":20,"column":131}}],"line":20},"7":{"loc":{"start":{"line":20,"column":132},"end":{"line":20,"column":193}},"type":"if","locations":[{"start":{"line":20,"column":132},"end":{"line":20,"column":193}},{"start":{"line":20,"column":132},"end":{"line":20,"column":193}}],"line":20},"8":{"loc":{"start":{"line":58,"column":12},"end":{"line":76,"column":13}},"type":"switch","locations":[{"start":{"line":59,"column":14},"end":{"line":62,"column":148}},{"start":{"line":64,"column":14},"end":{"line":66,"column":60}},{"start":{"line":68,"column":14},"end":{"line":71,"column":34}},{"start":{"line":73,"column":14},"end":{"line":73,"column":22}},{"start":{"line":74,"column":14},"end":{"line":75,"column":39}}],"line":58},"9":{"loc":{"start":{"line":104,"column":12},"end":{"line":151,"column":13}},"type":"switch","locations":[{"start":{"line":105,"column":14},"end":{"line":142,"column":22}},{"start":{"line":144,"column":14},"end":{"line":146,"column":63}},{"start":{"line":148,"column":14},"end":{"line":148,"column":21}},{"start":{"line":149,"column":14},"end":{"line":150,"column":40}}],"line":104},"10":{"loc":{"start":{"line":120,"column":24},"end":{"line":134,"column":25}},"type":"switch","locations":[{"start":{"line":121,"column":26},"end":{"line":123,"column":62}},{"start":{"line":125,"column":26},"end":{"line":129,"column":74}},{"start":{"line":131,"column":26},"end":{"line":131,"column":33}},{"start":{"line":132,"column":26},"end":{"line":133,"column":52}}],"line":120}},"s":{"0":1,"1":1,"2":1,"3":1,"4":20,"5":20,"6":20,"7":0,"8":0,"9":20,"10":10,"11":10,"12":4,"13":10,"14":10,"15":10,"16":10,"17":20,"18":0,"19":10,"20":2,"21":0,"22":1,"23":1,"24":2,"25":2,"26":2,"27":2,"28":2,"29":2,"30":1,"31":1,"32":1,"33":0,"34":1,"35":1,"36":2,"37":2,"38":1,"39":1,"40":4,"41":12,"42":12,"43":4,"44":4,"45":4,"46":4,"47":4,"48":0,"49":0,"50":0,"51":4,"52":4,"53":1,"54":1,"55":2,"56":2,"57":6,"58":6,"59":2,"60":4,"61":2,"62":2,"63":2,"64":4,"65":12,"66":12,"67":4,"68":4,"69":4,"70":4,"71":4,"72":4,"73":4,"74":2,"75":4,"76":2,"77":2,"78":2,"79":2,"80":1,"81":1,"82":1,"83":1},"f":{"0":1,"1":20,"2":4,"3":10,"4":10,"5":20,"6":0,"7":2,"8":1,"9":1,"10":1,"11":2,"12":1,"13":4,"14":12,"15":4,"16":1,"17":2,"18":6,"19":4,"20":2,"21":4,"22":12,"23":4,"24":2},"b":{"0":[0,1],"1":[1,1],"2":[10,10],"3":[0,2],"4":[2,2],"5":[2,0],"6":[1,0],"7":[0,1],"8":[4,4,0,0,4],"9":[2,2,0,2],"10":[4,4,0,4]},"inputSourceMap":{"version":3,"sources":["GitHubHelper.js"],"names":["GitHubHelper","request","axios","create","headers","Authorization","process","env","GITHUB_OAUTH_TOKEN","username","language","get","GITHUB_BASE_URL","user","data","users","userURLs","map","url","Promise","all","userURL","userDetail","login","userDetails"],"mappings":";;;;;;;AAAA;;;;;;;;;;;;;;AAGA;;;IAGMA,Y;;;AACJ;;;;;AAKA,0BAAc;AAAA;;AACZ,SAAKC,OAAL,GAAeC,kBAAMC,MAAN,CAAa;AAC1BC,MAAAA,OAAO,EAAE;AACPC,QAAAA,aAAa,kBAAWC,OAAO,CAACC,GAAR,CAAYC,kBAAvB;AADN;AADiB,KAAb,CAAf;AAKD;AAED;;;;;;;;;;;;+CAK4BC,Q,EAAUC,Q;;;;;;;;uBAEf,KAAKT,OAAL,CAAaU,GAAb,WAAoBL,OAAO,CAACC,GAAR,CAAYK,eAAhC,6BAAkEH,QAAlE,uBAAuFC,QAAvF,E;;;AAAbG,gBAAAA,I;iDACCA,IAAI,CAACC,I;;;;;;;;;;;;;;;;;;;;;AAMhB;;;;;;;;;;;gDAK0BC,K;;;;;;;;AAClBC,gBAAAA,Q,GAAWD,KAAK,CAACE,GAAN,CAAU,UAAAJ,IAAI;AAAA,yBAAIA,IAAI,CAACK,GAAT;AAAA,iBAAd,C;;uBAESC,OAAO,CAC9BC,GADuB,CACnBJ,QAAQ,CAACC,GAAT;AAAA;AAAA;AAAA;AAAA;AAAA,0CAAa,kBAAOI,OAAP;AAAA;;AAAA;AAAA;AAAA;AAAA;AAAA;AAAA,mCACmB,KAAI,CAACpB,OAAL,CAAaU,GAAb,CAAiBU,OAAjB,CADnB;;AAAA;AAAA;AACFC,4BAAAA,UADE,SACRR,IADQ;AAEhBQ,4BAAAA,UAAU,CAACb,QAAX,GAAsBa,UAAU,CAACC,KAAjC;AAFgB,8DAGTD,UAHS;;AAAA;AAAA;AAAA;AAAA;AAAA;AAAA;AAAA,mBAAb;;AAAA;AAAA;AAAA;AAAA,oBADmB,C;;;AAApBE,gBAAAA,W;kDAMCA,W;;;;;;;;;;;;;;;;;;;;;eAIIxB,Y","sourceRoot":"/Users/chidinmaezekwe/Desktop/github_users_search_api/src/utils","sourcesContent":["import axios from 'axios';\n\n\n/**\n   * Creates an instance of GitHubHelper.\n   */\nclass GitHubHelper {\n  /**\n   * Creates an instance of GitHubHelper.\n   * @param {object} param\n   * @memberof GitHubHelper\n   */\n  constructor() {\n    this.request = axios.create({\n      headers: {\n        Authorization: `token ${process.env.GITHUB_OAUTH_TOKEN}`,\n      },\n    });\n  }\n\n  /**\n   * Retrieves user details using languages as search query and user string\n   * @param {number} - id\n   *@returns {object} - user\n   */\n  async searchUsersByLanguage(username, language) {\n    try {\n      const user = await this.request.get(`${process.env.GITHUB_BASE_URL}/search/users?q=${username}+language:${language}`);\n      return user.data;\n    } catch (error) {\n      throw error;\n    }\n  }\n\n  /**\n   * Retrieves user details using languages as search query and user string\n   * @param {Array} - users\n   *@returns {object} - user\n   */\n  async retrieveUserDetails(users) {\n    const userURLs = users.map(user => user.url);\n\n    const userDetails = await Promise\n      .all(userURLs.map(async (userURL) => {\n        const { data: userDetail } = await this.request.get(userURL);\n        userDetail.username = userDetail.login;\n        return userDetail;\n      }));\n    return userDetails;\n  }\n}\n\nexport default GitHubHelper;\n"]},"_coverageSchema":"1a1c01bbd47fc00a2c39e90264f33305004495a9","hash":"81f99fa17e09bbcda9e9b8577dd4b81c5625fff9","contentHash":"4521312148014354a4936566f5baa4e798369e2f34dcf56d227c838ab08470a0"}}